********************************* TLP number 0 **********************************
inherited TLP is 01000100000000000000000000000001100101011100011100110001000000110000000000000000000000000000000000001010110000000001110011001010

|   Fmt |   Type |   T9 |   TC |   T8 |   Attr1 |   LN |   TH |   TD |   EP |   Attr0 |   AT |     Length |     Requester_Id |      Tag |   Last_DW_BE |   First_DW_BE |    Completion_Id |   Rsv_10_7 |   Ext_Register_Num |   Register_Num |   Rsv_11_1 |                             Data |    |
|-------+--------+------+------+------+---------+------+------+------+------+---------+------+------------+------------------+----------+--------------+---------------+------------------+------------+--------------------+----------------+------------+----------------------------------+----|
|   010 |  00100 |    0 |  000 |    0 |       0 |    0 |    0 |    0 |    0 |      00 |   00 | 0000000001 | 1001010111000111 | 00110001 |         0000 |          0011 | 0000000000000000 |       0000 |               0000 |         000000 |         00 | 00001010110000000001110011001010 |    |
printing length of TLP from checker 128

 Packet passed the checker!

********************************* TLP number 1 **********************************
inherited TLP is 00000100000000000000000000000001010000100101011101111010000000110000000000000000000000000000000000000000000000000000000000000000

|   Fmt |   Type |   T9 |   TC |   T8 |   Attr1 |   LN |   TH |   TD |   EP |   Attr0 |   AT |     Length |     Requester_Id |      Tag |   Last_DW_BE |   First_DW_BE |    Completion_Id |   Rsv_10_7 |   Ext_Register_Num |   Register_Num |   Rsv_11_1 |                             Data |    |
|-------+--------+------+------+------+---------+------+------+------+------+---------+------+------------+------------------+----------+--------------+---------------+------------------+------------+--------------------+----------------+------------+----------------------------------+----|
|   000 |  00100 |    0 |  000 |    0 |       0 |    0 |    0 |    0 |    0 |      00 |   00 | 0000000001 | 0100001001010111 | 01111010 |         0000 |          0011 | 0000000000000000 |       0000 |               0000 |         000000 |         00 | 00000000000000000000000000000000 |    |
printing length of TLP from checker 128

 Packet passed the checker!

********************************* TLP number 2 **********************************
inherited TLP is 01000100000000000000000000000001110110011111101111011111000000110000000000000000000000001111000010111000110111100100111110101011

|   Fmt |   Type |   T9 |   TC |   T8 |   Attr1 |   LN |   TH |   TD |   EP |   Attr0 |   AT |     Length |     Requester_Id |      Tag |   Last_DW_BE |   First_DW_BE |    Completion_Id |   Rsv_10_7 |   Ext_Register_Num |   Register_Num |   Rsv_11_1 |                             Data |    |
|-------+--------+------+------+------+---------+------+------+------+------+---------+------+------------+------------------+----------+--------------+---------------+------------------+------------+--------------------+----------------+------------+----------------------------------+----|
|   010 |  00100 |    0 |  000 |    0 |       0 |    0 |    0 |    0 |    0 |      00 |   00 | 0000000001 | 1101100111111011 | 11011111 |         0000 |          0011 | 0000000000000000 |       0000 |               0000 |         111100 |         00 | 10111000110111100100111110101011 |    |
printing length of TLP from checker 128

 Packet passed the checker!

********************************* TLP number 3 **********************************
inherited TLP is 01000100000000000000000000000001111001011101100110111000000000110000000000000000000000001111000000111101011101001011100001011011

|   Fmt |   Type |   T9 |   TC |   T8 |   Attr1 |   LN |   TH |   TD |   EP |   Attr0 |   AT |     Length |     Requester_Id |      Tag |   Last_DW_BE |   First_DW_BE |    Completion_Id |   Rsv_10_7 |   Ext_Register_Num |   Register_Num |   Rsv_11_1 |                             Data |    |
|-------+--------+------+------+------+---------+------+------+------+------+---------+------+------------+------------------+----------+--------------+---------------+------------------+------------+--------------------+----------------+------------+----------------------------------+----|
|   010 |  00100 |    0 |  000 |    0 |       0 |    0 |    0 |    0 |    0 |      00 |   00 | 0000000001 | 1110010111011001 | 10111000 |         0000 |          0011 | 0000000000000000 |       0000 |               0000 |         111100 |         00 | 00111101011101001011100001011011 |    |
printing length of TLP from checker 128

 Packet passed the checker!

********************************* TLP number 4 **********************************
inherited TLP is 01000100000000000000000000000001111111110011011001110101000000110000000000000000000000000000000010101011011111001111001101000011

|   Fmt |   Type |   T9 |   TC |   T8 |   Attr1 |   LN |   TH |   TD |   EP |   Attr0 |   AT |     Length |     Requester_Id |      Tag |   Last_DW_BE |   First_DW_BE |    Completion_Id |   Rsv_10_7 |   Ext_Register_Num |   Register_Num |   Rsv_11_1 |                             Data |    |
|-------+--------+------+------+------+---------+------+------+------+------+---------+------+------------+------------------+----------+--------------+---------------+------------------+------------+--------------------+----------------+------------+----------------------------------+----|
|   010 |  00100 |    0 |  000 |    0 |       0 |    0 |    0 |    0 |    0 |      00 |   00 | 0000000001 | 1111111100110110 | 01110101 |         0000 |          0011 | 0000000000000000 |       0000 |               0000 |         000000 |         00 | 10101011011111001111001101000011 |    |
printing length of TLP from checker 128

 Packet passed the checker!

********************************* TLP number 5 **********************************
inherited TLP is 00000100000000000000000000000001000100101101110000100101000000110000000000000000000000000000000000000000000000000000000000000000

|   Fmt |   Type |   T9 |   TC |   T8 |   Attr1 |   LN |   TH |   TD |   EP |   Attr0 |   AT |     Length |     Requester_Id |      Tag |   Last_DW_BE |   First_DW_BE |    Completion_Id |   Rsv_10_7 |   Ext_Register_Num |   Register_Num |   Rsv_11_1 |                             Data |    |
|-------+--------+------+------+------+---------+------+------+------+------+---------+------+------------+------------------+----------+--------------+---------------+------------------+------------+--------------------+----------------+------------+----------------------------------+----|
|   000 |  00100 |    0 |  000 |    0 |       0 |    0 |    0 |    0 |    0 |      00 |   00 | 0000000001 | 0001001011011100 | 00100101 |         0000 |          0011 | 0000000000000000 |       0000 |               0000 |         000000 |         00 | 00000000000000000000000000000000 |    |
printing length of TLP from checker 128
pkt num is 5

 Packet passed the checker!

********************************* TLP number 6 **********************************
inherited TLP is 01000100000000000000000000000001001100001110111010111101000000110000000000000000000000000000000001110100000100000000000000001001

|   Fmt |   Type |   T9 |   TC |   T8 |   Attr1 |   LN |   TH |   TD |   EP |   Attr0 |   AT |     Length |     Requester_Id |      Tag |   Last_DW_BE |   First_DW_BE |    Completion_Id |   Rsv_10_7 |   Ext_Register_Num |   Register_Num |   Rsv_11_1 |                             Data |    |
|-------+--------+------+------+------+---------+------+------+------+------+---------+------+------------+------------------+----------+--------------+---------------+------------------+------------+--------------------+----------------+------------+----------------------------------+----|
|   010 |  00100 |    0 |  000 |    0 |       0 |    0 |    0 |    0 |    0 |      00 |   00 | 0000000001 | 0011000011101110 | 10111101 |         0000 |          0011 | 0000000000000000 |       0000 |               0000 |         000000 |         00 | 01110100000100000000000000001001 |    |
printing length of TLP from checker 128

 Packet passed the checker!

********************************* TLP number 7 **********************************
inherited TLP is 00000100000000000000000000000001101011010000100011000010000000110000000000000000000000000000000000000000000000000000000000000000

|   Fmt |   Type |   T9 |   TC |   T8 |   Attr1 |   LN |   TH |   TD |   EP |   Attr0 |   AT |     Length |     Requester_Id |      Tag |   Last_DW_BE |   First_DW_BE |    Completion_Id |   Rsv_10_7 |   Ext_Register_Num |   Register_Num |   Rsv_11_1 |                             Data |    |
|-------+--------+------+------+------+---------+------+------+------+------+---------+------+------------+------------------+----------+--------------+---------------+------------------+------------+--------------------+----------------+------------+----------------------------------+----|
|   000 |  00100 |    0 |  000 |    0 |       0 |    0 |    0 |    0 |    0 |      00 |   00 | 0000000001 | 1010110100001000 | 11000010 |         0000 |          0011 | 0000000000000000 |       0000 |               0000 |         000000 |         00 | 00000000000000000000000000000000 |    |
printing length of TLP from checker 128

 Packet passed the checker!

********************************* TLP number 8 **********************************
inherited TLP is 01000100000000000000000000000001011011111111011011100101000000110000000000000000000000001111000000011011110101000000011110100000

|   Fmt |   Type |   T9 |   TC |   T8 |   Attr1 |   LN |   TH |   TD |   EP |   Attr0 |   AT |     Length |     Requester_Id |      Tag |   Last_DW_BE |   First_DW_BE |    Completion_Id |   Rsv_10_7 |   Ext_Register_Num |   Register_Num |   Rsv_11_1 |                             Data |    |
|-------+--------+------+------+------+---------+------+------+------+------+---------+------+------------+------------------+----------+--------------+---------------+------------------+------------+--------------------+----------------+------------+----------------------------------+----|
|   010 |  00100 |    0 |  000 |    0 |       0 |    0 |    0 |    0 |    0 |      00 |   00 | 0000000001 | 0110111111110110 | 11100101 |         0000 |          0011 | 0000000000000000 |       0000 |               0000 |         111100 |         00 | 00011011110101000000011110100000 |    |
printing length of TLP from checker 128

 Packet passed the checker!

********************************* TLP number 9 **********************************
inherited TLP is 01000100000000000000000000000001100111101000100001111000000000110000000000000000000000001111000011101010000100010101110110001100

|   Fmt |   Type |   T9 |   TC |   T8 |   Attr1 |   LN |   TH |   TD |   EP |   Attr0 |   AT |     Length |     Requester_Id |      Tag |   Last_DW_BE |   First_DW_BE |    Completion_Id |   Rsv_10_7 |   Ext_Register_Num |   Register_Num |   Rsv_11_1 |                             Data |    |
|-------+--------+------+------+------+---------+------+------+------+------+---------+------+------------+------------------+----------+--------------+---------------+------------------+------------+--------------------+----------------+------------+----------------------------------+----|
|   010 |  00100 |    0 |  000 |    0 |       0 |    0 |    0 |    0 |    0 |      00 |   00 | 0000000001 | 1001111010001000 | 01111000 |         0000 |          0011 | 0000000000000000 |       0000 |               0000 |         111100 |         00 | 11101010000100010101110110001100 |    |
printing length of TLP from checker 128

 Packet passed the checker!

********************************* TLP number 10 **********************************
inherited TLP is 01000000000000000000000000000001111111100111001000000000000001010110110000100001000110010111010011000100000010011001011001010000

|   Fmt |   Type |   T9 |   TC |   T8 |   Attr1 |   LN |   TH |   TD |   EP |   Attr0 |   AT |     Length |     Requester_Id |      Tag |   Last_DW_BE |   First_DW_BE |                        Address |   Rsv_11_1 |                             Data |    |
|-------+--------+------+------+------+---------+------+------+------+------+---------+------+------------+------------------+----------+--------------+---------------+--------------------------------+------------+----------------------------------+----|
|   010 |  00000 |    0 |  000 |    0 |       0 |    0 |    0 |    0 |    0 |      00 |   00 | 0000000001 | 1111111001110010 | 00000000 |         0000 |          0101 | 011011000010000100011001011101 |         00 | 11000100000010011001011001010000 |    |
printing length of TLP from checker 128

 Packet passed the checker!

********************************* TLP number 11 **********************************
inherited TLP is 00000000000000000000000000000001110011111100110100000000000001100100010110111010011110010110100000000000000000000000000000000000

|   Fmt |   Type |   T9 |   TC |   T8 |   Attr1 |   LN |   TH |   TD |   EP |   Attr0 |   AT |     Length |     Requester_Id |      Tag |   Last_DW_BE |   First_DW_BE |                        Address |   Rsv_11_1 |                             Data |    |
|-------+--------+------+------+------+---------+------+------+------+------+---------+------+------------+------------------+----------+--------------+---------------+--------------------------------+------------+----------------------------------+----|
|   000 |  00000 |    0 |  000 |    0 |       0 |    0 |    0 |    0 |    0 |      00 |   00 | 0000000001 | 1100111111001101 | 00000000 |         0000 |          0110 | 010001011011101001111001011010 |         00 | 00000000000000000000000000000000 |    |
printing length of TLP from checker 128

 Packet passed the checker!

********************************* TLP number 12 **********************************
inherited TLP is 00000000000000000000000000000001001000110010000000000000000000110101101010111100011101010000010000000000000000000000000000000000

|   Fmt |   Type |   T9 |   TC |   T8 |   Attr1 |   LN |   TH |   TD |   EP |   Attr0 |   AT |     Length |     Requester_Id |      Tag |   Last_DW_BE |   First_DW_BE |                        Address |   Rsv_11_1 |                             Data |    |
|-------+--------+------+------+------+---------+------+------+------+------+---------+------+------------+------------------+----------+--------------+---------------+--------------------------------+------------+----------------------------------+----|
|   000 |  00000 |    0 |  000 |    0 |       0 |    0 |    0 |    0 |    0 |      00 |   00 | 0000000001 | 0010001100100000 | 00000000 |         0000 |          0011 | 010110101011110001110101000001 |         00 | 00000000000000000000000000000000 |    |
printing length of TLP from checker 128

 Packet passed the checker!

********************************* TLP number 13 **********************************
inherited TLP is 01000000000000000000000000000001110111111101010000000000000001001110001101111010101001001010010000011111111101010000010101000001

|   Fmt |   Type |   T9 |   TC |   T8 |   Attr1 |   LN |   TH |   TD |   EP |   Attr0 |   AT |     Length |     Requester_Id |      Tag |   Last_DW_BE |   First_DW_BE |                        Address |   Rsv_11_1 |                             Data |    |
|-------+--------+------+------+------+---------+------+------+------+------+---------+------+------------+------------------+----------+--------------+---------------+--------------------------------+------------+----------------------------------+----|
|   010 |  00000 |    0 |  000 |    0 |       0 |    0 |    0 |    0 |    0 |      00 |   00 | 0000000001 | 1101111111010100 | 00000000 |         0000 |          0100 | 111000110111101010100100101001 |         00 | 00011111111101010000010101000001 |    |
printing length of TLP from checker 128

 Packet passed the checker!

********************************* TLP number 14 **********************************
inherited TLP is 01000000000000000000000000000001110110101111011000000000000001011011111111100001001100000010010010010000000110110000010010001010

|   Fmt |   Type |   T9 |   TC |   T8 |   Attr1 |   LN |   TH |   TD |   EP |   Attr0 |   AT |     Length |     Requester_Id |      Tag |   Last_DW_BE |   First_DW_BE |                        Address |   Rsv_11_1 |                             Data |    |
|-------+--------+------+------+------+---------+------+------+------+------+---------+------+------------+------------------+----------+--------------+---------------+--------------------------------+------------+----------------------------------+----|
|   010 |  00000 |    0 |  000 |    0 |       0 |    0 |    0 |    0 |    0 |      00 |   00 | 0000000001 | 1101101011110110 | 00000000 |         0000 |          0101 | 101111111110000100110000001001 |         00 | 10010000000110110000010010001010 |    |
printing length of TLP from checker 128

 Packet passed the checker!

********************************* TLP number 15 **********************************
inherited TLP is 00000000000000000000000000000001110110001101100000000000000001100110101000110001111101111111100000000000000000000000000000000000

|   Fmt |   Type |   T9 |   TC |   T8 |   Attr1 |   LN |   TH |   TD |   EP |   Attr0 |   AT |     Length |     Requester_Id |      Tag |   Last_DW_BE |   First_DW_BE |                        Address |   Rsv_11_1 |                             Data |    |
|-------+--------+------+------+------+---------+------+------+------+------+---------+------+------------+------------------+----------+--------------+---------------+--------------------------------+------------+----------------------------------+----|
|   000 |  00000 |    0 |  000 |    0 |       0 |    0 |    0 |    0 |    0 |      00 |   00 | 0000000001 | 1101100011011000 | 00000000 |         0000 |          0110 | 011010100011000111110111111110 |         00 | 00000000000000000000000000000000 |    |
printing length of TLP from checker 128

 Packet passed the checker!

********************************* TLP number 16 **********************************
inherited TLP is 00000000000000000000000000000001001101101001110000000000000010000001110011101101000001010001100000000000000000000000000000000000

|   Fmt |   Type |   T9 |   TC |   T8 |   Attr1 |   LN |   TH |   TD |   EP |   Attr0 |   AT |     Length |     Requester_Id |      Tag |   Last_DW_BE |   First_DW_BE |                        Address |   Rsv_11_1 |                             Data |    |
|-------+--------+------+------+------+---------+------+------+------+------+---------+------+------------+------------------+----------+--------------+---------------+--------------------------------+------------+----------------------------------+----|
|   000 |  00000 |    0 |  000 |    0 |       0 |    0 |    0 |    0 |    0 |      00 |   00 | 0000000001 | 0011011010011100 | 00000000 |         0000 |          1000 | 000111001110110100000101000110 |         00 | 00000000000000000000000000000000 |    |
printing length of TLP from checker 128

 Packet passed the checker!

********************************* TLP number 17 **********************************
inherited TLP is 00000000000000000000000000000001010101100111111000000000000001001111010111101101010001100110110000000000000000000000000000000000

|   Fmt |   Type |   T9 |   TC |   T8 |   Attr1 |   LN |   TH |   TD |   EP |   Attr0 |   AT |     Length |     Requester_Id |      Tag |   Last_DW_BE |   First_DW_BE |                        Address |   Rsv_11_1 |                             Data |    |
|-------+--------+------+------+------+---------+------+------+------+------+---------+------+------------+------------------+----------+--------------+---------------+--------------------------------+------------+----------------------------------+----|
|   000 |  00000 |    0 |  000 |    0 |       0 |    0 |    0 |    0 |    0 |      00 |   00 | 0000000001 | 0101011001111110 | 00000000 |         0000 |          0100 | 111101011110110101000110011011 |         00 | 00000000000000000000000000000000 |    |
printing length of TLP from checker 128

 Packet passed the checker!

********************************* TLP number 18 **********************************
inherited TLP is 00000000000000000000000000000001010011001010001100000000000000100100010010100111000101101111100000000000000000000000000000000000

|   Fmt |   Type |   T9 |   TC |   T8 |   Attr1 |   LN |   TH |   TD |   EP |   Attr0 |   AT |     Length |     Requester_Id |      Tag |   Last_DW_BE |   First_DW_BE |                        Address |   Rsv_11_1 |                             Data |    |
|-------+--------+------+------+------+---------+------+------+------+------+---------+------+------------+------------------+----------+--------------+---------------+--------------------------------+------------+----------------------------------+----|
|   000 |  00000 |    0 |  000 |    0 |       0 |    0 |    0 |    0 |    0 |      00 |   00 | 0000000001 | 0100110010100011 | 00000000 |         0000 |          0010 | 010001001010011100010110111110 |         00 | 00000000000000000000000000000000 |    |
printing length of TLP from checker 128

 Packet passed the checker!

********************************* TLP number 19 **********************************
inherited TLP is 00000000000000000000000000000001101110110111000000000000000001110110100101110000100011110010100000000000000000000000000000000000

|   Fmt |   Type |   T9 |   TC |   T8 |   Attr1 |   LN |   TH |   TD |   EP |   Attr0 |   AT |     Length |     Requester_Id |      Tag |   Last_DW_BE |   First_DW_BE |                        Address |   Rsv_11_1 |                             Data |    |
|-------+--------+------+------+------+---------+------+------+------+------+---------+------+------------+------------------+----------+--------------+---------------+--------------------------------+------------+----------------------------------+----|
|   000 |  00000 |    0 |  000 |    0 |       0 |    0 |    0 |    0 |    0 |      00 |   00 | 0000000001 | 1011101101110000 | 00000000 |         0000 |          0111 | 011010010111000010001111001010 |         00 | 00000000000000000000000000000000 |    |
printing length of TLP from checker 128

 Packet passed the checker!

number of invalid packets are 0
number of valid packets are 20
invalid packet numbers are []
valid packet numbers are [0, 1, 2, 3, 4, 5, 6, 7, 8, 9, 10, 11, 12, 13, 14, 15, 16, 17, 18, 19]
0
0000000
000 01010 0 000 0 0 0 0 0 0 00 00 0000000001 0000001000001010 000 0 000000000100 1001010111000111 00110001 0 0000000
str_completer_id is  522
str_completer_id is  0x20a
VALID fmt RECIEVED
reserved_bit---------> 0
0
0000000
010 01010 0 000 0 0 0 0 0 0 00 00 0000000001 0000001000001010 000 0 000000000100 0100001001010111 01111010 0 0000000
str_completer_id is  522
str_completer_id is  0x20a
VALID fmt RECIEVED
reserved_bit---------> 0
0
0000000
000 01010 0 000 0 0 0 0 0 0 00 00 0000000001 0000001000001010 000 0 000000000100 1101100111111011 11011111 0 0000000
str_completer_id is  522
str_completer_id is  0x20a
VALID fmt RECIEVED
reserved_bit---------> 0
0
0000000
000 01010 0 000 0 0 0 0 0 0 00 00 0000000001 0000001000001010 000 0 000000000100 1110010111011001 10111000 0 0000000
str_completer_id is  522
str_completer_id is  0x20a
VALID fmt RECIEVED
reserved_bit---------> 0
0
0000000
000 01010 0 000 0 0 0 0 0 0 00 00 0000000001 0000001000001010 000 0 000000000100 1111111100110110 01110101 0 0000000
str_completer_id is  522
str_completer_id is  0x20a
VALID fmt RECIEVED
reserved_bit---------> 0
0
0000000
010 01010 0 000 0 0 0 0 0 0 00 00 0000000001 0000001000001010 000 0 000000000100 0001001011011100 00100101 0 0000000
str_completer_id is  522
str_completer_id is  0x20a
VALID fmt RECIEVED
reserved_bit---------> 0
0
0000000
000 01010 0 000 0 0 0 0 0 0 00 00 0000000001 0000001000001010 000 0 000000000100 0011000011101110 10111101 0 0000000
str_completer_id is  522
str_completer_id is  0x20a
VALID fmt RECIEVED
reserved_bit---------> 0
0
0000000
010 01010 0 000 0 0 0 0 0 0 00 00 0000000001 0000001000001010 000 0 000000000100 1010110100001000 11000010 0 0000000
str_completer_id is  522
str_completer_id is  0x20a
VALID fmt RECIEVED
reserved_bit---------> 0
0
0000000
000 01010 0 000 0 0 0 0 0 0 00 00 0000000001 0000001000001010 000 0 000000000100 0110111111110110 11100101 0 0000000
str_completer_id is  522
str_completer_id is  0x20a
VALID fmt RECIEVED
reserved_bit---------> 0
0
0000000
000 01010 0 000 0 0 0 0 0 0 00 00 0000000001 0000001000001010 000 0 000000000100 1001111010001000 01111000 0 0000000
str_completer_id is  522
str_completer_id is  0x20a
VALID fmt RECIEVED
reserved_bit---------> 0
0
0000000
000 01010 0 000 0 0 0 0 0 0 00 00 0000000001 0000001000001010 000 0 000000000100 1111111001110010 00000000 0 0000000
str_completer_id is  522
str_completer_id is  0x20a
VALID fmt RECIEVED
reserved_bit---------> 0
0
0000000
010 01010 0 000 0 0 0 0 0 0 00 00 0000000001 0000001000001010 000 0 000000000100 1100111111001101 00000000 0 0000000
str_completer_id is  522
str_completer_id is  0x20a
VALID fmt RECIEVED
reserved_bit---------> 0
0
0000000
010 01010 0 000 0 0 0 0 0 0 00 00 0000000001 0000001000001010 000 0 000000000100 0010001100100000 00000000 0 0000000
str_completer_id is  522
str_completer_id is  0x20a
VALID fmt RECIEVED
reserved_bit---------> 0
0
0000000
000 01010 0 000 0 0 0 0 0 0 00 00 0000000001 0000001000001010 000 0 000000000100 1101111111010100 00000000 0 0000000
str_completer_id is  522
str_completer_id is  0x20a
VALID fmt RECIEVED
reserved_bit---------> 0
0
0000000
000 01010 0 000 0 0 0 0 0 0 00 00 0000000001 0000001000001010 000 0 000000000100 1101101011110110 00000000 0 0000000
str_completer_id is  522
str_completer_id is  0x20a
VALID fmt RECIEVED
reserved_bit---------> 0
0
0000000
010 01010 0 000 0 0 0 0 0 0 00 00 0000000001 0000001000001010 000 0 000000000100 1101100011011000 00000000 0 0000000
str_completer_id is  522
str_completer_id is  0x20a
VALID fmt RECIEVED
reserved_bit---------> 0
0
0000000
010 01010 0 000 0 0 0 0 0 0 00 00 0000000001 0000001000001010 000 0 000000000100 0011011010011100 00000000 0 0000000
str_completer_id is  522
str_completer_id is  0x20a
VALID fmt RECIEVED
reserved_bit---------> 0
0
0000000
010 01010 0 000 0 0 0 0 0 0 00 00 0000000001 0000001000001010 000 0 000000000100 0101011001111110 00000000 0 0000000
str_completer_id is  522
str_completer_id is  0x20a
VALID fmt RECIEVED
reserved_bit---------> 0
0
0000000
010 01010 0 000 0 0 0 0 0 0 00 00 0000000001 0000001000001010 000 0 000000000100 0100110010100011 00000000 0 0000000
str_completer_id is  522
str_completer_id is  0x20a
VALID fmt RECIEVED
reserved_bit---------> 0
0
0000000
010 01010 0 000 0 0 0 0 0 0 00 00 0000000001 0000001000001010 000 0 000000000100 1011101101110000 00000000 0 0000000
str_completer_id is  522
str_completer_id is  0x20a
VALID fmt RECIEVED
reserved_bit---------> 0
