---------------------------------- TLP 0 --------------------------------------- 
Config Type 0 Read Request (CfgRd0) with 3DW, no data
fmt = 0x0
type = 0x4
reserve_bit1 = 0x0
tc = 0x0
reserve_bit2 = 0x0
attr1 = 0x0
reserve_bit3 = 0x0
th = 0x0
td = 0x0
ep = 0x0
attr0 = 0x0
at = 0x0
length = 0x16a
requester_id = 0x7c4d
tag = 
0xf7
last_dw_be = 0x0
first_dw_be = 0x3
completer_id = 0x0
reserve_bit4 = 0x0
ext_register_number = 0x0
register_number = 0x0
reserve_bit5 = 0x0
payload = 0x0

---------------------------------- TLP 1 --------------------------------------- 
Config Type 0 Write Request (CfgWr0) with 3DW, with data
fmt = 0x2
type = 0x4
reserve_bit1 = 0x0
tc = 0x0
reserve_bit2 = 0x0
attr1 = 0x0
reserve_bit3 = 0x0
th = 0x0
td = 0x0
ep = 0x0
attr0 = 0x0
at = 0x0
length = 0x16c
requester_id = 0x77b3
tag = 
0x3c
last_dw_be = 0x0
first_dw_be = 0x3
completer_id = 0x0
reserve_bit4 = 0x0
ext_register_number = 0x0
register_number = 0x3f
reserve_bit5 = 0x0
payload = 0x35569200

---------------------------------- TLP 2 --------------------------------------- 
Config Type 0 Read Request (CfgRd0) with 3DW, no data
fmt = 0x0
type = 0x4
reserve_bit1 = 0x0
tc = 0x0
reserve_bit2 = 0x0
attr1 = 0x0
reserve_bit3 = 0x0
th = 0x0
td = 0x0
ep = 0x0
attr0 = 0x0
at = 0x0
length = 0xa9
requester_id = 0xaf25
tag = 
0xa4
last_dw_be = 0x0
first_dw_be = 0x3
completer_id = 0x0
reserve_bit4 = 0x0
ext_register_number = 0x0
register_number = 0x3f
reserve_bit5 = 0x0
payload = 0x0

---------------------------------- TLP 3 --------------------------------------- 
Config Type 0 Write Request (CfgWr0) with 3DW, with data
fmt = 0x2
type = 0x4
reserve_bit1 = 0x0
tc = 0x0
reserve_bit2 = 0x0
attr1 = 0x0
reserve_bit3 = 0x0
th = 0x0
td = 0x0
ep = 0x0
attr0 = 0x0
at = 0x0
length = 0x108
requester_id = 0x1b7
tag = 
0xe9
last_dw_be = 0x0
first_dw_be = 0x3
completer_id = 0x0
reserve_bit4 = 0x0
ext_register_number = 0x0
register_number = 0x0
reserve_bit5 = 0x0
payload = 0xf7154c1f

---------------------------------- TLP 4 --------------------------------------- 
Config Type 0 Read Request (CfgRd0) with 3DW, no data
fmt = 0x0
type = 0x4
reserve_bit1 = 0x0
tc = 0x0
reserve_bit2 = 0x0
attr1 = 0x0
reserve_bit3 = 0x0
th = 0x0
td = 0x0
ep = 0x0
attr0 = 0x0
at = 0x0
length = 0xb5
requester_id = 0xea6b
tag = 
0x18
last_dw_be = 0x0
first_dw_be = 0x3
completer_id = 0x0
reserve_bit4 = 0x0
ext_register_number = 0x0
register_number = 0x3f
reserve_bit5 = 0x0
payload = 0x0

---------------------------------- TLP 5 --------------------------------------- 
Config Type 0 Write Request (CfgWr0) with 3DW, with data
fmt = 0x2
type = 0x4
reserve_bit1 = 0x0
tc = 0x0
reserve_bit2 = 0x0
attr1 = 0x0
reserve_bit3 = 0x0
th = 0x0
td = 0x0
ep = 0x0
attr0 = 0x0
at = 0x0
length = 0x2f4
requester_id = 0x31ba
tag = 
0xa1
last_dw_be = 0x0
first_dw_be = 0x3
completer_id = 0x0
reserve_bit4 = 0x0
ext_register_number = 0x0
register_number = 0x0
reserve_bit5 = 0x0
payload = 0xd507af56

---------------------------------- TLP 6 --------------------------------------- 
Config Type 0 Write Request (CfgWr0) with 3DW, with data
fmt = 0x2
type = 0x4
reserve_bit1 = 0x0
tc = 0x0
reserve_bit2 = 0x0
attr1 = 0x0
reserve_bit3 = 0x0
th = 0x0
td = 0x0
ep = 0x0
attr0 = 0x0
at = 0x0
length = 0x3bd
requester_id = 0x916b
tag = 
0x91
last_dw_be = 0x0
first_dw_be = 0x3
completer_id = 0x0
reserve_bit4 = 0x0
ext_register_number = 0x0
register_number = 0x0
reserve_bit5 = 0x0
payload = 0x2395ec1c

---------------------------------- TLP 7 --------------------------------------- 
Config Type 0 Read Request (CfgRd0) with 3DW, no data
fmt = 0x0
type = 0x4
reserve_bit1 = 0x0
tc = 0x0
reserve_bit2 = 0x0
attr1 = 0x0
reserve_bit3 = 0x0
th = 0x0
td = 0x0
ep = 0x0
attr0 = 0x0
at = 0x0
length = 0x308
requester_id = 0xf2b4
tag = 
0x6b
last_dw_be = 0x0
first_dw_be = 0x3
completer_id = 0x0
reserve_bit4 = 0x0
ext_register_number = 0x0
register_number = 0x3f
reserve_bit5 = 0x0
payload = 0x0

---------------------------------- TLP 8 --------------------------------------- 
Config Type 0 Write Request (CfgWr0) with 3DW, with data
fmt = 0x2
type = 0x4
reserve_bit1 = 0x0
tc = 0x0
reserve_bit2 = 0x0
attr1 = 0x0
reserve_bit3 = 0x0
th = 0x0
td = 0x0
ep = 0x0
attr0 = 0x0
at = 0x0
length = 0x308
requester_id = 0x2957
tag = 
0xe3
last_dw_be = 0x0
first_dw_be = 0x3
completer_id = 0x0
reserve_bit4 = 0x0
ext_register_number = 0x0
register_number = 0x3f
reserve_bit5 = 0x0
payload = 0xa21cbbea

---------------------------------- TLP 9 --------------------------------------- 
Config Type 0 Read Request (CfgRd0) with 3DW, no data
fmt = 0x0
type = 0x4
reserve_bit1 = 0x0
tc = 0x0
reserve_bit2 = 0x0
attr1 = 0x0
reserve_bit3 = 0x0
th = 0x0
td = 0x0
ep = 0x0
attr0 = 0x0
at = 0x0
length = 0xe6
requester_id = 0x1cd1
tag = 
0xe6
last_dw_be = 0x0
first_dw_be = 0x3
completer_id = 0x0
reserve_bit4 = 0x0
ext_register_number = 0x0
register_number = 0x3f
reserve_bit5 = 0x0
payload = 0x0

