5
[16, 17, 18, 62, 85]
100
[16, 17, 18, 62, 85]
{16: 'ERR_ID_16'}
[{16: 'ERR_ID_16'}]
{17: 'ERR_ID_17'}
[{16: 'ERR_ID_16'}, {17: 'ERR_ID_17'}]
{18: 'ERR_ID_18'}
[{16: 'ERR_ID_16'}, {17: 'ERR_ID_17'}, {18: 'ERR_ID_18'}]
{62: 'ERR_ID_62'}
[{16: 'ERR_ID_16'}, {17: 'ERR_ID_17'}, {18: 'ERR_ID_18'}, {62: 'ERR_ID_62'}]
{85: 'ERR_ID_85'}
[{16: 'ERR_ID_16'}, {17: 'ERR_ID_17'}, {18: 'ERR_ID_18'}, {62: 'ERR_ID_62'}, {85: 'ERR_ID_85'}]
{85: 'ERR_ID_85'}
{16: 'ERR_ID_16'}
{17: 'ERR_ID_17'}
{18: 'ERR_ID_18'}
{62: 'ERR_ID_62'}
{85: 'ERR_ID_85'}
hello pcie_seq_config_pkg
-> 01000100000000000000000000000001101110001111001111000101000000110000000000000000000000000000000010010011011111110100000100011011
len of tlp pkt 128
len of tlp pkt after n 128
-> 01000100000000000000000000000001000001010011001111100001000000110000000000000000000000001111000001100101101111011111101001101101
len of tlp pkt 128
len of tlp pkt after n 128
-> 01000100000000000000000000000001001011010000011011000110000000110000000000000000000000001111000010100000001111010000110010100101
len of tlp pkt 128
len of tlp pkt after n 128
-> 01000100000000000000000000000001100011011011110101000101000000110000000000000000000000000000000000000000100100010110011111100110
len of tlp pkt 128
len of tlp pkt after n 128
-> 01000100000000000000000000000001111001110010000000100100000000110000000000000000000000001111000001000111111000000000111111111101
len of tlp pkt 128
len of tlp pkt after n 128
-> 01000100000000000000000000000001001010101111000010001100000000110000000000000000000000000000000011101111011101011110011111000000
len of tlp pkt 128
len of tlp pkt after n 128
-> 00000100000000000000000000000001000101000001111010010001000000110000000000000000000000001111000000000000000000000000000000000000
len of tlp pkt 128
len of tlp pkt after n 128
-> 00000100000000000000000000000001111111010101010000100001000000110000000000000000000000000000000000000000000000000000000000000000
len of tlp pkt 128
len of tlp pkt after n 128
-> 01000100000000000000000000000001000011000011010000011100000000110000000000000000000000001111000010010000111011100100011001001001
len of tlp pkt 128
len of tlp pkt after n 128
-> 01000100000000000000000000000001101111111111110010000101000000110000000000000000000000001111000010100110101011000110110011101011
len of tlp pkt 128
len of tlp pkt after n 128
-> 01000100000000000000000000000001001101000011100011110100000000110000000000000000000000001111000010000111110011010011000100001101
len of tlp pkt 128
len of tlp pkt after n 128
-> 00000100000000000000000000000001000110111111000101011100000000110000000000000000000000001111000000000000000000000000000000000000
len of tlp pkt 128
len of tlp pkt after n 128
-> 00000100000000000000000000000001101100000110111010100001000000110000000000000000000000000000000000000000000000000000000000000000
len of tlp pkt 128
len of tlp pkt after n 128
-> 00000100000000000000000000000001010000110111110111110010000000110000000000000000000000001111000000000000000000000000000000000000
len of tlp pkt 128
len of tlp pkt after n 128
-> 00000100000000000000000000000001110000010010111011000010000000110000000000000000000000001111000000000000000000000000000000000000
len of tlp pkt 128
len of tlp pkt after n 128
-> 00000100000000000000000000000001000101110111001000010011000000110000000000000000000000001111000000000000000000000000000000000000
len of tlp pkt 128
len of tlp pkt after n 128
-> 00000100000000000000000000000001100101001110111101010111000000110000000000000000000000000000000000000000000000000000000000000000
len of tlp pkt 128
len of tlp pkt after n 128
-> 01000100000000000000000000000001110010001011111011111011000000110000000000000000000000000000000001110000010011111001000001111011
len of tlp pkt 128
len of tlp pkt after n 128
-> 01000100000000000000000000000001110111110101100101000000000000110000000000000000000000000000000010100100101101001110110100010001
len of tlp pkt 128
len of tlp pkt after n 128
-> 01000100000000000000000000000001101010010101011000100111000000110000000000000000000000000000000011111111100101111001001111100000
len of tlp pkt 128
len of tlp pkt after n 128
-> 01000100000000000000000000000001001000010000011000010111000000110000000000000000000000000000000010010001010110101000000010101010
len of tlp pkt 128
len of tlp pkt after n 128
-> 01000100000000000000000000000001000010010110111000111111000000110000000000000000000000001111000000001010111010001000110101010010
len of tlp pkt 128
len of tlp pkt after n 128
-> 01000100000000000000000000000001101101111001100110100101000000110000000000000000000000000000000011000100111000111110110101010101
len of tlp pkt 128
len of tlp pkt after n 128
-> 00000100000000000000000000000001011010010000001101101101000000110000000000000000000000000000000000000000000000000000000000000000
len of tlp pkt 128
len of tlp pkt after n 128
-> 01000100000000000000000000000001111001010010101001110101000000110000000000000000000000001111000000101011010000101010011110100101
len of tlp pkt 128
len of tlp pkt after n 128
-> 00000100000000000000000000000001111000010101010011000001000000110000000000000000000000000000000000000000000000000000000000000000
len of tlp pkt 128
len of tlp pkt after n 128
-> 01000100000000000000000000000001110001111110100011110010000000110000000000000000000000001111000011001000011100010001100111010111
len of tlp pkt 128
len of tlp pkt after n 128
-> 01000100000000000000000000000001000000010011110100011000000000110000000000000000000000000000000010100100110101111100001001000010
len of tlp pkt 128
len of tlp pkt after n 128
-> 01000100000000000000000000000001110010011111010111010011000000110000000000000000000000000000000011111001011001010111001111110111
len of tlp pkt 128
len of tlp pkt after n 128
-> 01000100000000000000000000000001101110010010000101001001000000110000000000000000000000000000000001100010001011100000110111101110
len of tlp pkt 128
len of tlp pkt after n 128
-> 01000100000000000000000000000001110010100001110010100001000000110000000000000000000000000000000011111110011101010011011100111010
len of tlp pkt 128
len of tlp pkt after n 128
-> 01000100000000000000000000000001101010011111001000000011000000110000000000000000000000000000000010101101101010001100001110000110
len of tlp pkt 128
len of tlp pkt after n 128
-> 01000100000000000000000000000001011011010010010011101100000000110000000000000000000000000000000001110010101101101000011100110010
len of tlp pkt 128
len of tlp pkt after n 128
-> 01000100000000000000000000000001000110001110010101010011000000110000000000000000000000001111000010001000110010000010100001001010
len of tlp pkt 128
len of tlp pkt after n 128
-> 01000100000000000000000000000001010011000101000011100110000000110000000000000000000000001111000011000010101001010011011011101000
len of tlp pkt 128
len of tlp pkt after n 128
-> 01000100000000000000000000000001100010010001010101011111000000110000000000000000000000000000000010000110100011100011111001000101
len of tlp pkt 128
len of tlp pkt after n 128
-> 00000100000000000000000000000001010100011000000100001011000000110000000000000000000000000000000000000000000000000000000000000000
len of tlp pkt 128
len of tlp pkt after n 128
-> 00000100000000000000000000000001101001010110111111101100000000110000000000000000000000001111000000000000000000000000000000000000
len of tlp pkt 128
len of tlp pkt after n 128
-> 00000100000000000000000000000001000011010101100101110001000000110000000000000000000000001111000000000000000000000000000000000000
len of tlp pkt 128
len of tlp pkt after n 128
-> 00000100000000000000000000000001110001100011010101000111000000110000000000000000000000000000000000000000000000000000000000000000
len of tlp pkt 128
len of tlp pkt after n 128
-> 00000100000000000000000000000001010111001100110110111110000000110000000000000000000000000000000000000000000000000000000000000000
len of tlp pkt 128
len of tlp pkt after n 128
-> 00000100000000000000000000000001101010010111001001010010000000110000000000000000000000000000000000000000000000000000000000000000
len of tlp pkt 128
len of tlp pkt after n 128
-> 00000100000000000000000000000001101001001101010101001010000000110000000000000000000000001111000000000000000000000000000000000000
len of tlp pkt 128
len of tlp pkt after n 128
-> 00000100000000000000000000000001110001001001000010011000000000110000000000000000000000001111000000000000000000000000000000000000
len of tlp pkt 128
len of tlp pkt after n 128
-> 00000100000000000000000000000001011010101101101011001010000000110000000000000000000000001111000000000000000000000000000000000000
len of tlp pkt 128
len of tlp pkt after n 128
-> 00000100000000000000000000000001110001110011001000101000000000110000000000000000000000000000000000000000000000000000000000000000
len of tlp pkt 128
len of tlp pkt after n 128
-> 00000100000000000000000000000001110110111111001011011000000000110000000000000000000000000000000000000000000000000000000000000000
len of tlp pkt 128
len of tlp pkt after n 128
-> 00000100000000000000000000000001011100111100110110101101000000110000000000000000000000001111000000000000000000000000000000000000
len of tlp pkt 128
len of tlp pkt after n 128
-> 00000100000000000000000000000001011010000010011000111011000000110000000000000000000000001111000000000000000000000000000000000000
len of tlp pkt 128
len of tlp pkt after n 128
-> 01000100000000000000000000000001101110100101100001111001000000110000000000000000000000000000000001011001010011111000011101011101
len of tlp pkt 128
len of tlp pkt after n 128
-> 00000100000000000000000000000001011100100001011000111011000000110000000000000000000000000000000000000000000000000000000000000000
len of tlp pkt 128
len of tlp pkt after n 128
-> 01000100000000000000000000000001100111100010010000010100000000110000000000000000000000001111000000010101110111110110101000010001
len of tlp pkt 128
len of tlp pkt after n 128
-> 01000100000000000000000000000001011001101011011110100000000000110000000000000000000000000000000010011101111100101100101110101100
len of tlp pkt 128
len of tlp pkt after n 128
-> 01000100000000000000000000000001111100011111001101010100000000110000000000000000000000001111000001110100100100100101011111110011
len of tlp pkt 128
len of tlp pkt after n 128
-> 00000100000000000000000000000001101010000011000001011110000000110000000000000000000000001111000000000000000000000000000000000000
len of tlp pkt 128
len of tlp pkt after n 128
-> 01000100000000000000000000000001010011000101110111100011000000110000000000000000000000000000000011101000111101111000011011000010
len of tlp pkt 128
len of tlp pkt after n 128
-> 01000100000000000000000000000001011110011010100101011010000000110000000000000000000000001111000010010001000100111000100111111010
len of tlp pkt 128
len of tlp pkt after n 128
-> 00000100000000000000000000000001111111000001000011111001000000110000000000000000000000000000000000000000000000000000000000000000
len of tlp pkt 128
len of tlp pkt after n 128
-> 00000100000000000000000000000001010000110010000100010101000000110000000000000000000000001111000000000000000000000000000000000000
len of tlp pkt 128
len of tlp pkt after n 128
-> 01000100000000000000000000000001110000001100010100010101000000110000000000000000000000000000000001001001100001011101010011011010
len of tlp pkt 128
len of tlp pkt after n 128
-> 01000100000000000000000000000001101001100010100011111001000000110000000000000000000000000000000001110011001110000111111101010011
len of tlp pkt 128
len of tlp pkt after n 128
-> 00000100000000000000000000000001100110000010100001010111000000110000000000000000000000000000000000000000000000000000000000000000
len of tlp pkt 128
len of tlp pkt after n 128
-> 00000100000000000000000000000001001100111000100001101101000000110000000000000000000000001111000000000000000000000000000000000000
len of tlp pkt 128
len of tlp pkt after n 128
-> 00000100000000000000000000000001010111101101101100011011000000110000000000000000000000000000000000000000000000000000000000000000
len of tlp pkt 128
len of tlp pkt after n 128
-> 01000100000000000000000000000001110010100010000110011100000000110000000000000000000000001111000001111111010101111000111001010000
len of tlp pkt 128
len of tlp pkt after n 128
-> 00000100000000000000000000000001011011100111010111011100000000110000000000000000000000000000000000000000000000000000000000000000
len of tlp pkt 128
len of tlp pkt after n 128
-> 01000100000000000000000000000001101100100110100010000001000000110000000000000000000000000000000011111000011110100111010111001001
len of tlp pkt 128
len of tlp pkt after n 128
-> 01000100000000000000000000000001001111000110111000010100000000110000000000000000000000000000000010111001011111010101101101011010
len of tlp pkt 128
len of tlp pkt after n 128
-> 00000100000000000000000000000001011000100111000110101010000000110000000000000000000000001111000000000000000000000000000000000000
len of tlp pkt 128
len of tlp pkt after n 128
-> 00000100000000000000000000000001101011110010011111010011000000110000000000000000000000000000000000000000000000000000000000000000
len of tlp pkt 128
len of tlp pkt after n 128
-> 01000100000000000000000000000001010000001011111101000100000000110000000000000000000000000000000011111000101101000110010000111100
len of tlp pkt 128
len of tlp pkt after n 128
-> 01000100000000000000000000000001010110110101011000111110000000110000000000000000000000000000000010001001011010001000111100001110
len of tlp pkt 128
len of tlp pkt after n 128
-> 00000100000000000000000000000001100101011111011010001100000000110000000000000000000000001111000000000000000000000000000000000000
len of tlp pkt 128
len of tlp pkt after n 128
-> 01000100000000000000000000000001110010111110100111111000000000110000000000000000000000001111000001111111111101001110101011111000
len of tlp pkt 128
len of tlp pkt after n 128
-> 00000100000000000000000000000001000101110000100111001001000000110000000000000000000000000000000000000000000000000000000000000000
len of tlp pkt 128
len of tlp pkt after n 128
-> 00000100000000000000000000000001100110100100000001111101000000110000000000000000000000001111000000000000000000000000000000000000
len of tlp pkt 128
len of tlp pkt after n 128
-> 00000100000000000000000000000001110000111110111110110010000000110000000000000000000000000000000000000000000000000000000000000000
len of tlp pkt 128
len of tlp pkt after n 128
-> 00000100000000000000000000000001010010011101010111010101000000110000000000000000000000000000000000000000000000000000000000000000
len of tlp pkt 128
len of tlp pkt after n 128
-> 00000100000000000000000000000001100101000111111000111101000000110000000000000000000000000000000000000000000000000000000000000000
len of tlp pkt 128
len of tlp pkt after n 128
-> 00000100000000000000000000000001001111110001000001001010000000110000000000000000000000001111000000000000000000000000000000000000
len of tlp pkt 128
len of tlp pkt after n 128
-> 01000100000000000000000000000001101111101101101110001100000000110000000000000000000000001111000001111100101110111001111001100100
len of tlp pkt 128
len of tlp pkt after n 128
-> 00000100000000000000000000000001000001101010100001011000000000110000000000000000000000000000000000000000000000000000000000000000
len of tlp pkt 128
len of tlp pkt after n 128
-> 01000100000000000000000000000001011100101010101110101010000000110000000000000000000000001111000000101001010011101011101111111101
len of tlp pkt 128
len of tlp pkt after n 128
-> 00000100000000000000000000000001111111001110110001111011000000110000000000000000000000001111000000000000000000000000000000000000
len of tlp pkt 128
len of tlp pkt after n 128
-> 00000100000000000000000000000001111110011001100010111100000000110000000000000000000000000000000000000000000000000000000000000000
len of tlp pkt 128
len of tlp pkt after n 128
-> 01000100000000000000000000000001101100000011101101111000000000110000000000000000000000000000000010100110111111000111100101110000
len of tlp pkt 128
len of tlp pkt after n 128
-> 00000100000000000000000000000001000110001100001100100100000000110000000000000000000000001111000000000000000000000000000000000000
len of tlp pkt 128
len of tlp pkt after n 128
-> 01000100000000000000000000000001111101010011010011000100000000110000000000000000000000001111000010001011011000100111110011111001
len of tlp pkt 128
len of tlp pkt after n 128
-> 00000100000000000000000000000001001100110000001110100111000000110000000000000000000000001111000000000000000000000000000000000000
len of tlp pkt 128
len of tlp pkt after n 128
-> 00000100000000000000000000000001011111101001100100100001000000110000000000000000000000001111000000000000000000000000000000000000
len of tlp pkt 128
len of tlp pkt after n 128
-> 01000100000000000000000000000001110000010101001011100011000000110000000000000000000000001111000000101000011011001101100000011101
len of tlp pkt 128
len of tlp pkt after n 128
-> 01000100000000000000000000000001010011010011101110110010000000110000000000000000000000001111000010100111000010101101110011000000
len of tlp pkt 128
len of tlp pkt after n 128
-> 01000100000000000000000000000001111110111100000001101011000000110000000000000000000000000000000011011010011011110111011011001010
len of tlp pkt 128
len of tlp pkt after n 128
-> 00000100000000000000000000000001001000000111110111011110000000110000000000000000000000001111000000000000000000000000000000000000
len of tlp pkt 128
len of tlp pkt after n 128
-> 01000100000000000000000000000001010011110101110000100011000000110000000000000000000000000000000000101110110110110101011010101000
len of tlp pkt 128
len of tlp pkt after n 128
-> 00000100000000000000000000000001110000111110001101001010000000110000000000000000000000001111000000000000000000000000000000000000
len of tlp pkt 128
len of tlp pkt after n 128
-> 01000100000000000000000000000001000101111000110011110000000000110000000000000000000000001111000000100100110001110001110110100110
len of tlp pkt 128
len of tlp pkt after n 128
-> 00000100000000000000000000000001101001110011100000101100000000110000000000000000000000001111000000000000000000000000000000000000
len of tlp pkt 128
len of tlp pkt after n 128
-> 00000100000000000000000000000001010111000101100001100000000000110000000000000000000000000000000000000000000000000000000000000000
len of tlp pkt 128
len of tlp pkt after n 128
-> 00000100000000000000000000000001011111101000011000111111000000110000000000000000000000001111000000000000000000000000000000000000
len of tlp pkt 128
len of tlp pkt after n 128
44000001b8f3c50300000000937f411b
440000010533e103000000f065bdfa6d
440000012d06c603000000f0a03d0ca5
440000018dbd450300000000009167e6
44000001e7202403000000f047e00ffd
440000012af08c0300000000ef75e7c0
04000001141e9103000000f000000000
04000001fd5421030000000000000000
440000010c341c03000000f090ee4649
44000001bffc8503000000f0a6ac6ceb
440000013438f403000000f087cd310d
040000011bf15c03000000f000000000
04000001b06ea1030000000000000000
04000001437df203000000f000000000
04000001c12ec203000000f000000000
0400000117721303000000f000000000
0400000194ef57030000000000000000
44000001c8befb0300000000704f907b
44000001df59400300000000a4b4ed11
44000001a956270300000000ff9793e0
440000012106170300000000915a80aa
44000001096e3f03000000f00ae88d52
44000001b799a50300000000c4e3ed55
0400000169036d030000000000000000
44000001e52a7503000000f02b42a7a5
04000001e154c1030000000000000000
44000001c7e8f203000000f0c87119d7
44000001013d180300000000a4d7c242
44000001c9f5d30300000000f96573f7
44000001b921490300000000622e0dee
44000001ca1ca10300000000fe75373a
44000001a9f2030300000000ada8c386
440000016d24ec030000000072b68732
4400000118e55303000000f088c8284a
440000014c50e603000000f0c2a536e8
4400000189155f0300000000868e3e45
0400000151810b030000000000000000
04000001a56fec03000000f000000000
040000010d597103000000f000000000
04000001c63547030000000000000000
040000015ccdbe030000000000000000
04000001a97252030000000000000000
04000001a4d54a03000000f000000000
04000001c4909803000000f000000000
040000016adaca03000000f000000000
04000001c73228030000000000000000
04000001dbf2d8030000000000000000
0400000173cdad03000000f000000000
0400000168263b03000000f000000000
44000001ba58790300000000594f875d
0400000172163b030000000000000000
440000019e241403000000f015df6a11
4400000166b7a003000000009df2cbac
44000001f1f35403000000f0749257f3
04000001a8305e03000000f000000000
440000014c5de30300000000e8f786c2
4400000179a95a03000000f0911389fa
04000001fc10f9030000000000000000
0400000143211503000000f000000000
44000001c0c51503000000004985d4da
44000001a628f9030000000073387f53
04000001982857030000000000000000
0400000133886d03000000f000000000
040000015edb1b030000000000000000
44000001ca219c03000000f07f578e50
040000016e75dc030000000000000000
44000001b268810300000000f87a75c9
440000013c6e140300000000b97d5b5a
040000016271aa03000000f000000000
04000001af27d3030000000000000000
4400000140bf440300000000f8b4643c
440000015b563e030000000089688f0e
0400000195f68c03000000f000000000
44000001cbe9f803000000f07ff4eaf8
040000011709c9030000000000000000
040000019a407d03000000f000000000
04000001c3efb2030000000000000000
0400000149d5d5030000000000000000
04000001947e3d030000000000000000
040000013f104a03000000f000000000
44000001bedb8c03000000f07cbb9e64
0400000106a858030000000000000000
4400000172abaa03000000f0294ebbfd
04000001fcec7b03000000f000000000
04000001f998bc030000000000000000
44000001b03b780300000000a6fc7970
0400000118c32403000000f000000000
44000001f534c403000000f08b627cf9
040000013303a703000000f000000000
040000017e992103000000f000000000
44000001c152e303000000f0286cd81d
440000014d3bb203000000f0a70adcc0
44000001fbc06b0300000000da6f76ca
04000001207dde03000000f000000000
440000014f5c2303000000002edb56a8
04000001c3e34a03000000f000000000
44000001178cf003000000f024c71da6
04000001a7382c03000000f000000000
040000015c5860030000000000000000
040000017e863f03000000f000000000
This is pcie callback class
This is pcie_err_eij class
binfile line[0] 01000100000000000000000000000001101110001111001111000101000000110000000000000000000000000000000010010011011111110100000100011011
length of line 128
0
binfile line[0] 01000100000000000000000000000001000001010011001111100001000000110000000000000000000000001111000001100101101111011111101001101101
length of line 128
1
binfile line[0] 01000100000000000000000000000001001011010000011011000110000000110000000000000000000000001111000010100000001111010000110010100101
length of line 128
2
binfile line[0] 01000100000000000000000000000001100011011011110101000101000000110000000000000000000000000000000000000000100100010110011111100110
length of line 128
3
binfile line[0] 01000100000000000000000000000001111001110010000000100100000000110000000000000000000000001111000001000111111000000000111111111101
length of line 128
4
binfile line[0] 01000100000000000000000000000001001010101111000010001100000000110000000000000000000000000000000011101111011101011110011111000000
length of line 128
5
binfile line[0] 00000100000000000000000000000001000101000001111010010001000000110000000000000000000000001111000000000000000000000000000000000000
length of line 128
6
binfile line[0] 00000100000000000000000000000001111111010101010000100001000000110000000000000000000000000000000000000000000000000000000000000000
length of line 128
7
binfile line[0] 01000100000000000000000000000001000011000011010000011100000000110000000000000000000000001111000010010000111011100100011001001001
length of line 128
8
binfile line[0] 01000100000000000000000000000001101111111111110010000101000000110000000000000000000000001111000010100110101011000110110011101011
length of line 128
9
binfile line[0] 01000100000000000000000000000001001101000011100011110100000000110000000000000000000000001111000010000111110011010011000100001101
length of line 128
10
binfile line[0] 00000100000000000000000000000001000110111111000101011100000000110000000000000000000000001111000000000000000000000000000000000000
length of line 128
11
binfile line[0] 00000100000000000000000000000001101100000110111010100001000000110000000000000000000000000000000000000000000000000000000000000000
length of line 128
12
binfile line[0] 00000100000000000000000000000001010000110111110111110010000000110000000000000000000000001111000000000000000000000000000000000000
length of line 128
13
binfile line[0] 00000100000000000000000000000001110000010010111011000010000000110000000000000000000000001111000000000000000000000000000000000000
length of line 128
14
binfile line[0] 00000100000000000000000000000001000101110111001000010011000000110000000000000000000000001111000000000000000000000000000000000000
length of line 128
15
binfile line[0] 00000100000000000000000000000001100101001110111101010111000000110000000000000000000000000000000000000000000000000000000000000000
length of line 128
16
m in arr 16
This is  eij err callback 
3
modified fmt-> 011
binfile line[0] 01000100000000000000000000000001110010001011111011111011000000110000000000000000000000000000000001110000010011111001000001111011
length of line 128
17
m in arr 17
This is  eij err callback 
1
modified fmt-> 001
binfile line[0] 01000100000000000000000000000001110111110101100101000000000000110000000000000000000000000000000010100100101101001110110100010001
length of line 128
18
m in arr 18
This is  eij err callback 
9
01001
binfile line[0] 01000100000000000000000000000001101010010101011000100111000000110000000000000000000000000000000011111111100101111001001111100000
length of line 128
19
binfile line[0] 01000100000000000000000000000001001000010000011000010111000000110000000000000000000000000000000010010001010110101000000010101010
length of line 128
20
binfile line[0] 01000100000000000000000000000001000010010110111000111111000000110000000000000000000000001111000000001010111010001000110101010010
length of line 128
21
binfile line[0] 01000100000000000000000000000001101101111001100110100101000000110000000000000000000000000000000011000100111000111110110101010101
length of line 128
22
binfile line[0] 00000100000000000000000000000001011010010000001101101101000000110000000000000000000000000000000000000000000000000000000000000000
length of line 128
23
binfile line[0] 01000100000000000000000000000001111001010010101001110101000000110000000000000000000000001111000000101011010000101010011110100101
length of line 128
24
binfile line[0] 00000100000000000000000000000001111000010101010011000001000000110000000000000000000000000000000000000000000000000000000000000000
length of line 128
25
binfile line[0] 01000100000000000000000000000001110001111110100011110010000000110000000000000000000000001111000011001000011100010001100111010111
length of line 128
26
binfile line[0] 01000100000000000000000000000001000000010011110100011000000000110000000000000000000000000000000010100100110101111100001001000010
length of line 128
27
binfile line[0] 01000100000000000000000000000001110010011111010111010011000000110000000000000000000000000000000011111001011001010111001111110111
length of line 128
28
binfile line[0] 01000100000000000000000000000001101110010010000101001001000000110000000000000000000000000000000001100010001011100000110111101110
length of line 128
29
binfile line[0] 01000100000000000000000000000001110010100001110010100001000000110000000000000000000000000000000011111110011101010011011100111010
length of line 128
30
binfile line[0] 01000100000000000000000000000001101010011111001000000011000000110000000000000000000000000000000010101101101010001100001110000110
length of line 128
31
binfile line[0] 01000100000000000000000000000001011011010010010011101100000000110000000000000000000000000000000001110010101101101000011100110010
length of line 128
32
binfile line[0] 01000100000000000000000000000001000110001110010101010011000000110000000000000000000000001111000010001000110010000010100001001010
length of line 128
33
binfile line[0] 01000100000000000000000000000001010011000101000011100110000000110000000000000000000000001111000011000010101001010011011011101000
length of line 128
34
binfile line[0] 01000100000000000000000000000001100010010001010101011111000000110000000000000000000000000000000010000110100011100011111001000101
length of line 128
35
binfile line[0] 00000100000000000000000000000001010100011000000100001011000000110000000000000000000000000000000000000000000000000000000000000000
length of line 128
36
binfile line[0] 00000100000000000000000000000001101001010110111111101100000000110000000000000000000000001111000000000000000000000000000000000000
length of line 128
37
binfile line[0] 00000100000000000000000000000001000011010101100101110001000000110000000000000000000000001111000000000000000000000000000000000000
length of line 128
38
binfile line[0] 00000100000000000000000000000001110001100011010101000111000000110000000000000000000000000000000000000000000000000000000000000000
length of line 128
39
binfile line[0] 00000100000000000000000000000001010111001100110110111110000000110000000000000000000000000000000000000000000000000000000000000000
length of line 128
40
binfile line[0] 00000100000000000000000000000001101010010111001001010010000000110000000000000000000000000000000000000000000000000000000000000000
length of line 128
41
binfile line[0] 00000100000000000000000000000001101001001101010101001010000000110000000000000000000000001111000000000000000000000000000000000000
length of line 128
42
binfile line[0] 00000100000000000000000000000001110001001001000010011000000000110000000000000000000000001111000000000000000000000000000000000000
length of line 128
43
binfile line[0] 00000100000000000000000000000001011010101101101011001010000000110000000000000000000000001111000000000000000000000000000000000000
length of line 128
44
binfile line[0] 00000100000000000000000000000001110001110011001000101000000000110000000000000000000000000000000000000000000000000000000000000000
length of line 128
45
binfile line[0] 00000100000000000000000000000001110110111111001011011000000000110000000000000000000000000000000000000000000000000000000000000000
length of line 128
46
binfile line[0] 00000100000000000000000000000001011100111100110110101101000000110000000000000000000000001111000000000000000000000000000000000000
length of line 128
47
binfile line[0] 00000100000000000000000000000001011010000010011000111011000000110000000000000000000000001111000000000000000000000000000000000000
length of line 128
48
binfile line[0] 01000100000000000000000000000001101110100101100001111001000000110000000000000000000000000000000001011001010011111000011101011101
length of line 128
49
binfile line[0] 00000100000000000000000000000001011100100001011000111011000000110000000000000000000000000000000000000000000000000000000000000000
length of line 128
50
binfile line[0] 01000100000000000000000000000001100111100010010000010100000000110000000000000000000000001111000000010101110111110110101000010001
length of line 128
51
binfile line[0] 01000100000000000000000000000001011001101011011110100000000000110000000000000000000000000000000010011101111100101100101110101100
length of line 128
52
binfile line[0] 01000100000000000000000000000001111100011111001101010100000000110000000000000000000000001111000001110100100100100101011111110011
length of line 128
53
binfile line[0] 00000100000000000000000000000001101010000011000001011110000000110000000000000000000000001111000000000000000000000000000000000000
length of line 128
54
binfile line[0] 01000100000000000000000000000001010011000101110111100011000000110000000000000000000000000000000011101000111101111000011011000010
length of line 128
55
binfile line[0] 01000100000000000000000000000001011110011010100101011010000000110000000000000000000000001111000010010001000100111000100111111010
length of line 128
56
binfile line[0] 00000100000000000000000000000001111111000001000011111001000000110000000000000000000000000000000000000000000000000000000000000000
length of line 128
57
binfile line[0] 00000100000000000000000000000001010000110010000100010101000000110000000000000000000000001111000000000000000000000000000000000000
length of line 128
58
binfile line[0] 01000100000000000000000000000001110000001100010100010101000000110000000000000000000000000000000001001001100001011101010011011010
length of line 128
59
binfile line[0] 01000100000000000000000000000001101001100010100011111001000000110000000000000000000000000000000001110011001110000111111101010011
length of line 128
60
binfile line[0] 00000100000000000000000000000001100110000010100001010111000000110000000000000000000000000000000000000000000000000000000000000000
length of line 128
61
binfile line[0] 00000100000000000000000000000001001100111000100001101101000000110000000000000000000000001111000000000000000000000000000000000000
length of line 128
62
m in arr 62
This is  eij err callback 
3
00011
binfile line[0] 00000100000000000000000000000001010111101101101100011011000000110000000000000000000000000000000000000000000000000000000000000000
length of line 128
63
binfile line[0] 01000100000000000000000000000001110010100010000110011100000000110000000000000000000000001111000001111111010101111000111001010000
length of line 128
64
binfile line[0] 00000100000000000000000000000001011011100111010111011100000000110000000000000000000000000000000000000000000000000000000000000000
length of line 128
65
binfile line[0] 01000100000000000000000000000001101100100110100010000001000000110000000000000000000000000000000011111000011110100111010111001001
length of line 128
66
binfile line[0] 01000100000000000000000000000001001111000110111000010100000000110000000000000000000000000000000010111001011111010101101101011010
length of line 128
67
binfile line[0] 00000100000000000000000000000001011000100111000110101010000000110000000000000000000000001111000000000000000000000000000000000000
length of line 128
68
binfile line[0] 00000100000000000000000000000001101011110010011111010011000000110000000000000000000000000000000000000000000000000000000000000000
length of line 128
69
binfile line[0] 01000100000000000000000000000001010000001011111101000100000000110000000000000000000000000000000011111000101101000110010000111100
length of line 128
70
binfile line[0] 01000100000000000000000000000001010110110101011000111110000000110000000000000000000000000000000010001001011010001000111100001110
length of line 128
71
binfile line[0] 00000100000000000000000000000001100101011111011010001100000000110000000000000000000000001111000000000000000000000000000000000000
length of line 128
72
binfile line[0] 01000100000000000000000000000001110010111110100111111000000000110000000000000000000000001111000001111111111101001110101011111000
length of line 128
73
binfile line[0] 00000100000000000000000000000001000101110000100111001001000000110000000000000000000000000000000000000000000000000000000000000000
length of line 128
74
binfile line[0] 00000100000000000000000000000001100110100100000001111101000000110000000000000000000000001111000000000000000000000000000000000000
length of line 128
75
binfile line[0] 00000100000000000000000000000001110000111110111110110010000000110000000000000000000000000000000000000000000000000000000000000000
length of line 128
76
binfile line[0] 00000100000000000000000000000001010010011101010111010101000000110000000000000000000000000000000000000000000000000000000000000000
length of line 128
77
binfile line[0] 00000100000000000000000000000001100101000111111000111101000000110000000000000000000000000000000000000000000000000000000000000000
length of line 128
78
binfile line[0] 00000100000000000000000000000001001111110001000001001010000000110000000000000000000000001111000000000000000000000000000000000000
length of line 128
79
binfile line[0] 01000100000000000000000000000001101111101101101110001100000000110000000000000000000000001111000001111100101110111001111001100100
length of line 128
80
binfile line[0] 00000100000000000000000000000001000001101010100001011000000000110000000000000000000000000000000000000000000000000000000000000000
length of line 128
81
binfile line[0] 01000100000000000000000000000001011100101010101110101010000000110000000000000000000000001111000000101001010011101011101111111101
length of line 128
82
binfile line[0] 00000100000000000000000000000001111111001110110001111011000000110000000000000000000000001111000000000000000000000000000000000000
length of line 128
83
binfile line[0] 00000100000000000000000000000001111110011001100010111100000000110000000000000000000000000000000000000000000000000000000000000000
length of line 128
84
binfile line[0] 01000100000000000000000000000001101100000011101101111000000000110000000000000000000000000000000010100110111111000111100101110000
length of line 128
85
m in arr 85
This is  eij err callback 
7
00111
binfile line[0] 00000100000000000000000000000001000110001100001100100100000000110000000000000000000000001111000000000000000000000000000000000000
length of line 128
86
binfile line[0] 01000100000000000000000000000001111101010011010011000100000000110000000000000000000000001111000010001011011000100111110011111001
length of line 128
87
binfile line[0] 00000100000000000000000000000001001100110000001110100111000000110000000000000000000000001111000000000000000000000000000000000000
length of line 128
88
binfile line[0] 00000100000000000000000000000001011111101001100100100001000000110000000000000000000000001111000000000000000000000000000000000000
length of line 128
89
binfile line[0] 01000100000000000000000000000001110000010101001011100011000000110000000000000000000000001111000000101000011011001101100000011101
length of line 128
90
binfile line[0] 01000100000000000000000000000001010011010011101110110010000000110000000000000000000000001111000010100111000010101101110011000000
length of line 128
91
binfile line[0] 01000100000000000000000000000001111110111100000001101011000000110000000000000000000000000000000011011010011011110111011011001010
length of line 128
92
binfile line[0] 00000100000000000000000000000001001000000111110111011110000000110000000000000000000000001111000000000000000000000000000000000000
length of line 128
93
binfile line[0] 01000100000000000000000000000001010011110101110000100011000000110000000000000000000000000000000000101110110110110101011010101000
length of line 128
94
binfile line[0] 00000100000000000000000000000001110000111110001101001010000000110000000000000000000000001111000000000000000000000000000000000000
length of line 128
95
binfile line[0] 01000100000000000000000000000001000101111000110011110000000000110000000000000000000000001111000000100100110001110001110110100110
length of line 128
96
binfile line[0] 00000100000000000000000000000001101001110011100000101100000000110000000000000000000000001111000000000000000000000000000000000000
length of line 128
97
binfile line[0] 00000100000000000000000000000001010111000101100001100000000000110000000000000000000000000000000000000000000000000000000000000000
length of line 128
98
binfile line[0] 00000100000000000000000000000001011111101000011000111111000000110000000000000000000000001111000000000000000000000000000000000000
length of line 128
99
The console prints are printed in ep_checker.log file
