---------------------------------- TLP 0 --------------------------------------- 
Config Type 0 Read Request (CfgRd0) with 3DW, no data
fmt = 0x0
type = 0x4
reserve_bit1 = 0x0
tc = 0x0
reserve_bit2 = 0x0
attr1 = 0x0
reserve_bit3 = 0x0
th = 0x0
td = 0x0
ep = 0x0
attr0 = 0x0
at = 0x0
length = 0x1
requester_id = 0xf3d7
tag = 
0x51
last_dw_be = 0x0
first_dw_be = 0x3
completer_id = 0x0
reserve_bit4 = 0x0
ext_register_number = 0x0
register_number = 0x0
reserve_bit5 = 0x0
payload = 0x0

---------------------------------- TLP 1 --------------------------------------- 
Config Type 0 Read Request (CfgRd0) with 3DW, no data
fmt = 0x0
type = 0x4
reserve_bit1 = 0x0
tc = 0x0
reserve_bit2 = 0x0
attr1 = 0x0
reserve_bit3 = 0x0
th = 0x0
td = 0x0
ep = 0x0
attr0 = 0x0
at = 0x0
length = 0x1
requester_id = 0x3e37
tag = 
0x60
last_dw_be = 0x0
first_dw_be = 0x3
completer_id = 0x0
reserve_bit4 = 0x0
ext_register_number = 0x0
register_number = 0x0
reserve_bit5 = 0x0
payload = 0x0

---------------------------------- TLP 2 --------------------------------------- 
Config Type 0 Write Request (CfgWr0) with 3DW, with data
fmt = 0x2
type = 0x4
reserve_bit1 = 0x0
tc = 0x0
reserve_bit2 = 0x0
attr1 = 0x0
reserve_bit3 = 0x0
th = 0x0
td = 0x0
ep = 0x0
attr0 = 0x0
at = 0x0
length = 0x1
requester_id = 0x6641
tag = 
0xae
last_dw_be = 0x0
first_dw_be = 0x3
completer_id = 0x0
reserve_bit4 = 0x0
ext_register_number = 0x0
register_number = 0x0
reserve_bit5 = 0x0
payload = 0x9b2b4709

---------------------------------- TLP 3 --------------------------------------- 
Config Type 0 Read Request (CfgRd0) with 3DW, no data
fmt = 0x0
type = 0x4
reserve_bit1 = 0x0
tc = 0x0
reserve_bit2 = 0x0
attr1 = 0x0
reserve_bit3 = 0x0
th = 0x0
td = 0x0
ep = 0x0
attr0 = 0x0
at = 0x0
length = 0x1
requester_id = 0xc6f2
tag = 
0x50
last_dw_be = 0x0
first_dw_be = 0x3
completer_id = 0x0
reserve_bit4 = 0x0
ext_register_number = 0x0
register_number = 0x0
reserve_bit5 = 0x0
payload = 0x0

---------------------------------- TLP 4 --------------------------------------- 
Config Type 0 Write Request (CfgWr0) with 3DW, with data
fmt = 0x2
type = 0x4
reserve_bit1 = 0x0
tc = 0x0
reserve_bit2 = 0x0
attr1 = 0x0
reserve_bit3 = 0x0
th = 0x0
td = 0x0
ep = 0x0
attr0 = 0x0
at = 0x0
length = 0x1
requester_id = 0x2ffa
tag = 
0xf6
last_dw_be = 0x0
first_dw_be = 0x3
completer_id = 0x0
reserve_bit4 = 0x0
ext_register_number = 0x0
register_number = 0x0
reserve_bit5 = 0x0
payload = 0xf482134c

---------------------------------- TLP 5 --------------------------------------- 
Config Type 0 Write Request (CfgWr0) with 3DW, with data
fmt = 0x2
type = 0x4
reserve_bit1 = 0x0
tc = 0x0
reserve_bit2 = 0x0
attr1 = 0x0
reserve_bit3 = 0x0
th = 0x0
td = 0x0
ep = 0x0
attr0 = 0x0
at = 0x0
length = 0x1
requester_id = 0xdb4a
tag = 
0xda
last_dw_be = 0x0
first_dw_be = 0x3
completer_id = 0x0
reserve_bit4 = 0x0
ext_register_number = 0x0
register_number = 0x0
reserve_bit5 = 0x0
payload = 0xecd507b

---------------------------------- TLP 6 --------------------------------------- 
Config Type 0 Read Request (CfgRd0) with 3DW, no data
fmt = 0x0
type = 0x4
reserve_bit1 = 0x0
tc = 0x0
reserve_bit2 = 0x0
attr1 = 0x0
reserve_bit3 = 0x0
th = 0x0
td = 0x0
ep = 0x0
attr0 = 0x0
at = 0x0
length = 0x1
requester_id = 0xa37a
tag = 
0x10
last_dw_be = 0x0
first_dw_be = 0x3
completer_id = 0x0
reserve_bit4 = 0x0
ext_register_number = 0x0
register_number = 0x0
reserve_bit5 = 0x0
payload = 0x0

---------------------------------- TLP 7 --------------------------------------- 
Config Type 0 Write Request (CfgWr0) with 3DW, with data
fmt = 0x2
type = 0x4
reserve_bit1 = 0x0
tc = 0x0
reserve_bit2 = 0x0
attr1 = 0x0
reserve_bit3 = 0x0
th = 0x0
td = 0x0
ep = 0x0
attr0 = 0x0
at = 0x0
length = 0x1
requester_id = 0x4335
tag = 
0x60
last_dw_be = 0x0
first_dw_be = 0x3
completer_id = 0x0
reserve_bit4 = 0x0
ext_register_number = 0x0
register_number = 0x0
reserve_bit5 = 0x0
payload = 0x431530b0

---------------------------------- TLP 8 --------------------------------------- 
Config Type 0 Write Request (CfgWr0) with 3DW, with data
fmt = 0x2
type = 0x4
reserve_bit1 = 0x0
tc = 0x0
reserve_bit2 = 0x0
attr1 = 0x0
reserve_bit3 = 0x0
th = 0x0
td = 0x0
ep = 0x0
attr0 = 0x0
at = 0x0
length = 0x1
requester_id = 0xe222
tag = 
0x8a
last_dw_be = 0x0
first_dw_be = 0x3
completer_id = 0x0
reserve_bit4 = 0x0
ext_register_number = 0x0
register_number = 0x0
reserve_bit5 = 0x0
payload = 0xe20d19a3

---------------------------------- TLP 9 --------------------------------------- 
Config Type 0 Read Request (CfgRd0) with 3DW, no data
fmt = 0x0
type = 0x4
reserve_bit1 = 0x0
tc = 0x0
reserve_bit2 = 0x0
attr1 = 0x0
reserve_bit3 = 0x0
th = 0x0
td = 0x0
ep = 0x0
attr0 = 0x0
at = 0x0
length = 0x1
requester_id = 0xf5cd
tag = 
0x8a
last_dw_be = 0x0
first_dw_be = 0x3
completer_id = 0x0
reserve_bit4 = 0x0
ext_register_number = 0x0
register_number = 0x0
reserve_bit5 = 0x0
payload = 0x0

---------------------------------- TLP 10 --------------------------------------- 
Config Type 0 Read Request (CfgRd0) with 3DW, no data
fmt = 0x0
type = 0x4
reserve_bit1 = 0x0
tc = 0x0
reserve_bit2 = 0x0
attr1 = 0x0
reserve_bit3 = 0x0
th = 0x0
td = 0x0
ep = 0x0
attr0 = 0x0
at = 0x0
length = 0x1
requester_id = 0x345d
tag = 
0xb6
last_dw_be = 0x0
first_dw_be = 0x3
completer_id = 0x0
reserve_bit4 = 0x0
ext_register_number = 0x0
register_number = 0x0
reserve_bit5 = 0x0
payload = 0x0

---------------------------------- TLP 11 --------------------------------------- 
Config Type 0 Write Request (CfgWr0) with 3DW, with data
fmt = 0x2
type = 0x4
reserve_bit1 = 0x0
tc = 0x0
reserve_bit2 = 0x0
attr1 = 0x0
reserve_bit3 = 0x0
th = 0x0
td = 0x0
ep = 0x0
attr0 = 0x0
at = 0x0
length = 0x1
requester_id = 0x4ff2
tag = 
0x2e
last_dw_be = 0x0
first_dw_be = 0x3
completer_id = 0x0
reserve_bit4 = 0x0
ext_register_number = 0x0
register_number = 0x0
reserve_bit5 = 0x0
payload = 0xf1e39325

---------------------------------- TLP 12 --------------------------------------- 
Config Type 0 Write Request (CfgWr0) with 3DW, with data
fmt = 0x2
type = 0x4
reserve_bit1 = 0x0
tc = 0x0
reserve_bit2 = 0x0
attr1 = 0x0
reserve_bit3 = 0x0
th = 0x0
td = 0x0
ep = 0x0
attr0 = 0x0
at = 0x0
length = 0x1
requester_id = 0xc3ee
tag = 
0x6
last_dw_be = 0x0
first_dw_be = 0x3
completer_id = 0x0
reserve_bit4 = 0x0
ext_register_number = 0x0
register_number = 0x0
reserve_bit5 = 0x0
payload = 0x959e3d3c

---------------------------------- TLP 13 --------------------------------------- 
Config Type 0 Write Request (CfgWr0) with 3DW, with data
fmt = 0x2
type = 0x4
reserve_bit1 = 0x0
tc = 0x0
reserve_bit2 = 0x0
attr1 = 0x0
reserve_bit3 = 0x0
th = 0x0
td = 0x0
ep = 0x0
attr0 = 0x0
at = 0x0
length = 0x1
requester_id = 0x162b
tag = 
0x4
last_dw_be = 0x0
first_dw_be = 0x3
completer_id = 0x0
reserve_bit4 = 0x0
ext_register_number = 0x0
register_number = 0x0
reserve_bit5 = 0x0
payload = 0xe26b561b

---------------------------------- TLP 14 --------------------------------------- 
Config Type 0 Write Request (CfgWr0) with 3DW, with data
fmt = 0x2
type = 0x4
reserve_bit1 = 0x0
tc = 0x0
reserve_bit2 = 0x0
attr1 = 0x0
reserve_bit3 = 0x0
th = 0x0
td = 0x0
ep = 0x0
attr0 = 0x0
at = 0x0
length = 0x1
requester_id = 0x9a92
tag = 
0x4
last_dw_be = 0x0
first_dw_be = 0x3
completer_id = 0x0
reserve_bit4 = 0x0
ext_register_number = 0x0
register_number = 0x0
reserve_bit5 = 0x0
payload = 0x6a273afb

---------------------------------- TLP 15 --------------------------------------- 
Config Type 0 Read Request (CfgRd0) with 3DW, no data
fmt = 0x0
type = 0x4
reserve_bit1 = 0x0
tc = 0x0
reserve_bit2 = 0x0
attr1 = 0x0
reserve_bit3 = 0x0
th = 0x0
td = 0x0
ep = 0x0
attr0 = 0x0
at = 0x0
length = 0x1
requester_id = 0xbba7
tag = 
0xa9
last_dw_be = 0x0
first_dw_be = 0x3
completer_id = 0x0
reserve_bit4 = 0x0
ext_register_number = 0x0
register_number = 0x0
reserve_bit5 = 0x0
payload = 0x0

---------------------------------- TLP 16 --------------------------------------- 
Config Type 0 Read Request (CfgRd0) with 3DW, no data
fmt = 0x0
type = 0x4
reserve_bit1 = 0x0
tc = 0x0
reserve_bit2 = 0x0
attr1 = 0x0
reserve_bit3 = 0x0
th = 0x0
td = 0x0
ep = 0x0
attr0 = 0x0
at = 0x0
length = 0x1
requester_id = 0xd6f6
tag = 
0xcb
last_dw_be = 0x0
first_dw_be = 0x3
completer_id = 0x0
reserve_bit4 = 0x0
ext_register_number = 0x0
register_number = 0x0
reserve_bit5 = 0x0
payload = 0x0

---------------------------------- TLP 17 --------------------------------------- 
Config Type 0 Read Request (CfgRd0) with 3DW, no data
fmt = 0x0
type = 0x4
reserve_bit1 = 0x0
tc = 0x0
reserve_bit2 = 0x0
attr1 = 0x0
reserve_bit3 = 0x0
th = 0x0
td = 0x0
ep = 0x0
attr0 = 0x0
at = 0x0
length = 0x1
requester_id = 0xc957
tag = 
0xf3
last_dw_be = 0x0
first_dw_be = 0x3
completer_id = 0x0
reserve_bit4 = 0x0
ext_register_number = 0x0
register_number = 0x0
reserve_bit5 = 0x0
payload = 0x0

---------------------------------- TLP 18 --------------------------------------- 
Config Type 0 Read Request (CfgRd0) with 3DW, no data
fmt = 0x0
type = 0x4
reserve_bit1 = 0x0
tc = 0x0
reserve_bit2 = 0x0
attr1 = 0x0
reserve_bit3 = 0x0
th = 0x0
td = 0x0
ep = 0x0
attr0 = 0x0
at = 0x0
length = 0x1
requester_id = 0xbe57
tag = 
0xa1
last_dw_be = 0x0
first_dw_be = 0x3
completer_id = 0x0
reserve_bit4 = 0x0
ext_register_number = 0x0
register_number = 0x0
reserve_bit5 = 0x0
payload = 0x0

---------------------------------- TLP 19 --------------------------------------- 
Config Type 0 Read Request (CfgRd0) with 3DW, no data
fmt = 0x0
type = 0x4
reserve_bit1 = 0x0
tc = 0x0
reserve_bit2 = 0x0
attr1 = 0x0
reserve_bit3 = 0x0
th = 0x0
td = 0x0
ep = 0x0
attr0 = 0x0
at = 0x0
length = 0x1
requester_id = 0x36d3
tag = 
0xad
last_dw_be = 0x0
first_dw_be = 0x3
completer_id = 0x0
reserve_bit4 = 0x0
ext_register_number = 0x0
register_number = 0x0
reserve_bit5 = 0x0
payload = 0x0

---------------------------------- TLP 20 --------------------------------------- 
Config Type 0 Write Request (CfgWr0) with 3DW, with data
fmt = 0x2
type = 0x4
reserve_bit1 = 0x0
tc = 0x0
reserve_bit2 = 0x0
attr1 = 0x0
reserve_bit3 = 0x0
th = 0x0
td = 0x0
ep = 0x0
attr0 = 0x0
at = 0x0
length = 0x1
requester_id = 0x8782
tag = 
0x96
last_dw_be = 0x0
first_dw_be = 0x3
completer_id = 0x0
reserve_bit4 = 0x0
ext_register_number = 0x0
register_number = 0x0
reserve_bit5 = 0x0
payload = 0x623c7717

---------------------------------- TLP 21 --------------------------------------- 
Config Type 0 Write Request (CfgWr0) with 3DW, with data
fmt = 0x2
type = 0x4
reserve_bit1 = 0x0
tc = 0x0
reserve_bit2 = 0x0
attr1 = 0x0
reserve_bit3 = 0x0
th = 0x0
td = 0x0
ep = 0x0
attr0 = 0x0
at = 0x0
length = 0x1
requester_id = 0xa0fe
tag = 
0x10
last_dw_be = 0x0
first_dw_be = 0x3
completer_id = 0x0
reserve_bit4 = 0x0
ext_register_number = 0x0
register_number = 0x0
reserve_bit5 = 0x0
payload = 0xb1d833c5

---------------------------------- TLP 22 --------------------------------------- 
Config Type 0 Read Request (CfgRd0) with 3DW, no data
fmt = 0x0
type = 0x4
reserve_bit1 = 0x0
tc = 0x0
reserve_bit2 = 0x0
attr1 = 0x0
reserve_bit3 = 0x0
th = 0x0
td = 0x0
ep = 0x0
attr0 = 0x0
at = 0x0
length = 0x1
requester_id = 0xbe3a
tag = 
0xa2
last_dw_be = 0x0
first_dw_be = 0x3
completer_id = 0x0
reserve_bit4 = 0x0
ext_register_number = 0x0
register_number = 0x0
reserve_bit5 = 0x0
payload = 0x0

---------------------------------- TLP 23 --------------------------------------- 
Config Type 0 Read Request (CfgRd0) with 3DW, no data
fmt = 0x0
type = 0x4
reserve_bit1 = 0x0
tc = 0x0
reserve_bit2 = 0x0
attr1 = 0x0
reserve_bit3 = 0x0
th = 0x0
td = 0x0
ep = 0x0
attr0 = 0x0
at = 0x0
length = 0x1
requester_id = 0x4353
tag = 
0xc7
last_dw_be = 0x0
first_dw_be = 0x3
completer_id = 0x0
reserve_bit4 = 0x0
ext_register_number = 0x0
register_number = 0x0
reserve_bit5 = 0x0
payload = 0x0

---------------------------------- TLP 24 --------------------------------------- 
Config Type 0 Read Request (CfgRd0) with 3DW, no data
fmt = 0x0
type = 0x4
reserve_bit1 = 0x0
tc = 0x0
reserve_bit2 = 0x0
attr1 = 0x0
reserve_bit3 = 0x0
th = 0x0
td = 0x0
ep = 0x0
attr0 = 0x0
at = 0x0
length = 0x1
requester_id = 0x5e08
tag = 
0x51
last_dw_be = 0x0
first_dw_be = 0x3
completer_id = 0x0
reserve_bit4 = 0x0
ext_register_number = 0x0
register_number = 0x0
reserve_bit5 = 0x0
payload = 0x0

---------------------------------- TLP 25 --------------------------------------- 
Config Type 0 Read Request (CfgRd0) with 3DW, no data
fmt = 0x0
type = 0x4
reserve_bit1 = 0x0
tc = 0x0
reserve_bit2 = 0x0
attr1 = 0x0
reserve_bit3 = 0x0
th = 0x0
td = 0x0
ep = 0x0
attr0 = 0x0
at = 0x0
length = 0x1
requester_id = 0xc08b
tag = 
0x9f
last_dw_be = 0x0
first_dw_be = 0x3
completer_id = 0x0
reserve_bit4 = 0x0
ext_register_number = 0x0
register_number = 0x0
reserve_bit5 = 0x0
payload = 0x0

---------------------------------- TLP 26 --------------------------------------- 
Config Type 0 Read Request (CfgRd0) with 3DW, no data
fmt = 0x0
type = 0x4
reserve_bit1 = 0x0
tc = 0x0
reserve_bit2 = 0x0
attr1 = 0x0
reserve_bit3 = 0x0
th = 0x0
td = 0x0
ep = 0x0
attr0 = 0x0
at = 0x0
length = 0x1
requester_id = 0xda6c
tag = 
0xe4
last_dw_be = 0x0
first_dw_be = 0x3
completer_id = 0x0
reserve_bit4 = 0x0
ext_register_number = 0x0
register_number = 0x0
reserve_bit5 = 0x0
payload = 0x0

---------------------------------- TLP 27 --------------------------------------- 
Config Type 0 Read Request (CfgRd0) with 3DW, no data
fmt = 0x0
type = 0x4
reserve_bit1 = 0x0
tc = 0x0
reserve_bit2 = 0x0
attr1 = 0x0
reserve_bit3 = 0x0
th = 0x0
td = 0x0
ep = 0x0
attr0 = 0x0
at = 0x0
length = 0x1
requester_id = 0x6dc8
tag = 
0x7a
last_dw_be = 0x0
first_dw_be = 0x3
completer_id = 0x0
reserve_bit4 = 0x0
ext_register_number = 0x0
register_number = 0x0
reserve_bit5 = 0x0
payload = 0x0

---------------------------------- TLP 28 --------------------------------------- 
Config Type 0 Write Request (CfgWr0) with 3DW, with data
fmt = 0x2
type = 0x4
reserve_bit1 = 0x0
tc = 0x0
reserve_bit2 = 0x0
attr1 = 0x0
reserve_bit3 = 0x0
th = 0x0
td = 0x0
ep = 0x0
attr0 = 0x0
at = 0x0
length = 0x1
requester_id = 0xbb39
tag = 
0x20
last_dw_be = 0x0
first_dw_be = 0x3
completer_id = 0x0
reserve_bit4 = 0x0
ext_register_number = 0x0
register_number = 0x0
reserve_bit5 = 0x0
payload = 0x4db51824

---------------------------------- TLP 29 --------------------------------------- 
Config Type 0 Write Request (CfgWr0) with 3DW, with data
fmt = 0x2
type = 0x4
reserve_bit1 = 0x0
tc = 0x0
reserve_bit2 = 0x0
attr1 = 0x0
reserve_bit3 = 0x0
th = 0x0
td = 0x0
ep = 0x0
attr0 = 0x0
at = 0x0
length = 0x1
requester_id = 0x5102
tag = 
0xea
last_dw_be = 0x0
first_dw_be = 0x3
completer_id = 0x0
reserve_bit4 = 0x0
ext_register_number = 0x0
register_number = 0x0
reserve_bit5 = 0x0
payload = 0xf71ee0b8

---------------------------------- TLP 30 --------------------------------------- 
Config Type 0 Read Request (CfgRd0) with 3DW, no data
fmt = 0x0
type = 0x4
reserve_bit1 = 0x0
tc = 0x0
reserve_bit2 = 0x0
attr1 = 0x0
reserve_bit3 = 0x0
th = 0x0
td = 0x0
ep = 0x0
attr0 = 0x0
at = 0x0
length = 0x1
requester_id = 0x7a31
tag = 
0x76
last_dw_be = 0x0
first_dw_be = 0x3
completer_id = 0x0
reserve_bit4 = 0x0
ext_register_number = 0x0
register_number = 0x0
reserve_bit5 = 0x0
payload = 0x0

---------------------------------- TLP 31 --------------------------------------- 
Config Type 0 Read Request (CfgRd0) with 3DW, no data
fmt = 0x0
type = 0x4
reserve_bit1 = 0x0
tc = 0x0
reserve_bit2 = 0x0
attr1 = 0x0
reserve_bit3 = 0x0
th = 0x0
td = 0x0
ep = 0x0
attr0 = 0x0
at = 0x0
length = 0x1
requester_id = 0x79b6
tag = 
0xe
last_dw_be = 0x0
first_dw_be = 0x3
completer_id = 0x0
reserve_bit4 = 0x0
ext_register_number = 0x0
register_number = 0x0
reserve_bit5 = 0x0
payload = 0x0

---------------------------------- TLP 32 --------------------------------------- 
Config Type 0 Write Request (CfgWr0) with 3DW, with data
fmt = 0x2
type = 0x4
reserve_bit1 = 0x0
tc = 0x0
reserve_bit2 = 0x0
attr1 = 0x0
reserve_bit3 = 0x0
th = 0x0
td = 0x0
ep = 0x0
attr0 = 0x0
at = 0x0
length = 0x1
requester_id = 0xc2ef
tag = 
0x88
last_dw_be = 0x0
first_dw_be = 0x3
completer_id = 0x0
reserve_bit4 = 0x0
ext_register_number = 0x0
register_number = 0x0
reserve_bit5 = 0x0
payload = 0xc5afb25a

---------------------------------- TLP 33 --------------------------------------- 
Config Type 0 Read Request (CfgRd0) with 3DW, no data
fmt = 0x0
type = 0x4
reserve_bit1 = 0x0
tc = 0x0
reserve_bit2 = 0x0
attr1 = 0x0
reserve_bit3 = 0x0
th = 0x0
td = 0x0
ep = 0x0
attr0 = 0x0
at = 0x0
length = 0x1
requester_id = 0x14e8
tag = 
0x9c
last_dw_be = 0x0
first_dw_be = 0x3
completer_id = 0x0
reserve_bit4 = 0x0
ext_register_number = 0x0
register_number = 0x0
reserve_bit5 = 0x0
payload = 0x0

---------------------------------- TLP 34 --------------------------------------- 
Config Type 0 Write Request (CfgWr0) with 3DW, with data
fmt = 0x2
type = 0x4
reserve_bit1 = 0x0
tc = 0x0
reserve_bit2 = 0x0
attr1 = 0x0
reserve_bit3 = 0x0
th = 0x0
td = 0x0
ep = 0x0
attr0 = 0x0
at = 0x0
length = 0x1
requester_id = 0x5ad8
tag = 
0xee
last_dw_be = 0x0
first_dw_be = 0x3
completer_id = 0x0
reserve_bit4 = 0x0
ext_register_number = 0x0
register_number = 0x0
reserve_bit5 = 0x0
payload = 0x9a3f7817

---------------------------------- TLP 35 --------------------------------------- 
Config Type 0 Read Request (CfgRd0) with 3DW, no data
fmt = 0x0
type = 0x4
reserve_bit1 = 0x0
tc = 0x0
reserve_bit2 = 0x0
attr1 = 0x0
reserve_bit3 = 0x0
th = 0x0
td = 0x0
ep = 0x0
attr0 = 0x0
at = 0x0
length = 0x1
requester_id = 0xa7fd
tag = 
0x1f
last_dw_be = 0x0
first_dw_be = 0x3
completer_id = 0x0
reserve_bit4 = 0x0
ext_register_number = 0x0
register_number = 0x0
reserve_bit5 = 0x0
payload = 0x0

---------------------------------- TLP 36 --------------------------------------- 
Config Type 0 Write Request (CfgWr0) with 3DW, with data
fmt = 0x2
type = 0x4
reserve_bit1 = 0x0
tc = 0x0
reserve_bit2 = 0x0
attr1 = 0x0
reserve_bit3 = 0x0
th = 0x0
td = 0x0
ep = 0x0
attr0 = 0x0
at = 0x0
length = 0x1
requester_id = 0x54db
tag = 
0x4d
last_dw_be = 0x0
first_dw_be = 0x3
completer_id = 0x0
reserve_bit4 = 0x0
ext_register_number = 0x0
register_number = 0x0
reserve_bit5 = 0x0
payload = 0x12b41946

---------------------------------- TLP 37 --------------------------------------- 
Config Type 0 Write Request (CfgWr0) with 3DW, with data
fmt = 0x2
type = 0x4
reserve_bit1 = 0x0
tc = 0x0
reserve_bit2 = 0x0
attr1 = 0x0
reserve_bit3 = 0x0
th = 0x0
td = 0x0
ep = 0x0
attr0 = 0x0
at = 0x0
length = 0x1
requester_id = 0xd1e6
tag = 
0x6d
last_dw_be = 0x0
first_dw_be = 0x3
completer_id = 0x0
reserve_bit4 = 0x0
ext_register_number = 0x0
register_number = 0x0
reserve_bit5 = 0x0
payload = 0x64d2587f

---------------------------------- TLP 38 --------------------------------------- 
Config Type 0 Read Request (CfgRd0) with 3DW, no data
fmt = 0x0
type = 0x4
reserve_bit1 = 0x0
tc = 0x0
reserve_bit2 = 0x0
attr1 = 0x0
reserve_bit3 = 0x0
th = 0x0
td = 0x0
ep = 0x0
attr0 = 0x0
at = 0x0
length = 0x1
requester_id = 0xefa0
tag = 
0x1b
last_dw_be = 0x0
first_dw_be = 0x3
completer_id = 0x0
reserve_bit4 = 0x0
ext_register_number = 0x0
register_number = 0x0
reserve_bit5 = 0x0
payload = 0x0

---------------------------------- TLP 39 --------------------------------------- 
Config Type 0 Write Request (CfgWr0) with 3DW, with data
fmt = 0x2
type = 0x4
reserve_bit1 = 0x0
tc = 0x0
reserve_bit2 = 0x0
attr1 = 0x0
reserve_bit3 = 0x0
th = 0x0
td = 0x0
ep = 0x0
attr0 = 0x0
at = 0x0
length = 0x1
requester_id = 0xc603
tag = 
0x8e
last_dw_be = 0x0
first_dw_be = 0x3
completer_id = 0x0
reserve_bit4 = 0x0
ext_register_number = 0x0
register_number = 0x0
reserve_bit5 = 0x0
payload = 0x1c63120f

---------------------------------- TLP 40 --------------------------------------- 
Config Type 0 Read Request (CfgRd0) with 3DW, no data
fmt = 0x0
type = 0x4
reserve_bit1 = 0x0
tc = 0x0
reserve_bit2 = 0x0
attr1 = 0x0
reserve_bit3 = 0x0
th = 0x0
td = 0x0
ep = 0x0
attr0 = 0x0
at = 0x0
length = 0x1
requester_id = 0xcebf
tag = 
0x43
last_dw_be = 0x0
first_dw_be = 0x3
completer_id = 0x0
reserve_bit4 = 0x0
ext_register_number = 0x0
register_number = 0x0
reserve_bit5 = 0x0
payload = 0x0

---------------------------------- TLP 41 --------------------------------------- 
Config Type 0 Write Request (CfgWr0) with 3DW, with data
fmt = 0x2
type = 0x4
reserve_bit1 = 0x0
tc = 0x0
reserve_bit2 = 0x0
attr1 = 0x0
reserve_bit3 = 0x0
th = 0x0
td = 0x0
ep = 0x0
attr0 = 0x0
at = 0x0
length = 0x1
requester_id = 0xf23c
tag = 
0x58
last_dw_be = 0x0
first_dw_be = 0x3
completer_id = 0x0
reserve_bit4 = 0x0
ext_register_number = 0x0
register_number = 0x0
reserve_bit5 = 0x0
payload = 0xa8c08094

---------------------------------- TLP 42 --------------------------------------- 
Config Type 0 Write Request (CfgWr0) with 3DW, with data
fmt = 0x2
type = 0x4
reserve_bit1 = 0x0
tc = 0x0
reserve_bit2 = 0x0
attr1 = 0x0
reserve_bit3 = 0x0
th = 0x0
td = 0x0
ep = 0x0
attr0 = 0x0
at = 0x0
length = 0x1
requester_id = 0x5887
tag = 
0x88
last_dw_be = 0x0
first_dw_be = 0x3
completer_id = 0x0
reserve_bit4 = 0x0
ext_register_number = 0x0
register_number = 0x0
reserve_bit5 = 0x0
payload = 0x42d5789e

---------------------------------- TLP 43 --------------------------------------- 
Config Type 0 Write Request (CfgWr0) with 3DW, with data
fmt = 0x2
type = 0x4
reserve_bit1 = 0x0
tc = 0x0
reserve_bit2 = 0x0
attr1 = 0x0
reserve_bit3 = 0x0
th = 0x0
td = 0x0
ep = 0x0
attr0 = 0x0
at = 0x0
length = 0x1
requester_id = 0xa08f
tag = 
0x26
last_dw_be = 0x0
first_dw_be = 0x3
completer_id = 0x0
reserve_bit4 = 0x0
ext_register_number = 0x0
register_number = 0x0
reserve_bit5 = 0x0
payload = 0xb9410d5b

---------------------------------- TLP 44 --------------------------------------- 
Config Type 0 Read Request (CfgRd0) with 3DW, no data
fmt = 0x0
type = 0x4
reserve_bit1 = 0x0
tc = 0x0
reserve_bit2 = 0x0
attr1 = 0x0
reserve_bit3 = 0x0
th = 0x0
td = 0x0
ep = 0x0
attr0 = 0x0
at = 0x0
length = 0x1
requester_id = 0xcafe
tag = 
0xe0
last_dw_be = 0x0
first_dw_be = 0x3
completer_id = 0x0
reserve_bit4 = 0x0
ext_register_number = 0x0
register_number = 0x0
reserve_bit5 = 0x0
payload = 0x0

---------------------------------- TLP 45 --------------------------------------- 
Config Type 0 Write Request (CfgWr0) with 3DW, with data
fmt = 0x2
type = 0x4
reserve_bit1 = 0x0
tc = 0x0
reserve_bit2 = 0x0
attr1 = 0x0
reserve_bit3 = 0x0
th = 0x0
td = 0x0
ep = 0x0
attr0 = 0x0
at = 0x0
length = 0x1
requester_id = 0x42cb
tag = 
0x86
last_dw_be = 0x0
first_dw_be = 0x3
completer_id = 0x0
reserve_bit4 = 0x0
ext_register_number = 0x0
register_number = 0x0
reserve_bit5 = 0x0
payload = 0xc538fb77

---------------------------------- TLP 46 --------------------------------------- 
Config Type 0 Write Request (CfgWr0) with 3DW, with data
fmt = 0x2
type = 0x4
reserve_bit1 = 0x0
tc = 0x0
reserve_bit2 = 0x0
attr1 = 0x0
reserve_bit3 = 0x0
th = 0x0
td = 0x0
ep = 0x0
attr0 = 0x0
at = 0x0
length = 0x1
requester_id = 0xf263
tag = 
0xd5
last_dw_be = 0x0
first_dw_be = 0x3
completer_id = 0x0
reserve_bit4 = 0x0
ext_register_number = 0x0
register_number = 0x0
reserve_bit5 = 0x0
payload = 0x550e8ce3

---------------------------------- TLP 47 --------------------------------------- 
Config Type 0 Read Request (CfgRd0) with 3DW, no data
fmt = 0x0
type = 0x4
reserve_bit1 = 0x0
tc = 0x0
reserve_bit2 = 0x0
attr1 = 0x0
reserve_bit3 = 0x0
th = 0x0
td = 0x0
ep = 0x0
attr0 = 0x0
at = 0x0
length = 0x1
requester_id = 0x2128
tag = 
0x1f
last_dw_be = 0x0
first_dw_be = 0x3
completer_id = 0x0
reserve_bit4 = 0x0
ext_register_number = 0x0
register_number = 0x0
reserve_bit5 = 0x0
payload = 0x0

---------------------------------- TLP 48 --------------------------------------- 
Config Type 0 Read Request (CfgRd0) with 3DW, no data
fmt = 0x0
type = 0x4
reserve_bit1 = 0x0
tc = 0x0
reserve_bit2 = 0x0
attr1 = 0x0
reserve_bit3 = 0x0
th = 0x0
td = 0x0
ep = 0x0
attr0 = 0x0
at = 0x0
length = 0x1
requester_id = 0xd547
tag = 
0x1d
last_dw_be = 0x0
first_dw_be = 0x3
completer_id = 0x0
reserve_bit4 = 0x0
ext_register_number = 0x0
register_number = 0x0
reserve_bit5 = 0x0
payload = 0x0

---------------------------------- TLP 49 --------------------------------------- 
Config Type 0 Write Request (CfgWr0) with 3DW, with data
fmt = 0x2
type = 0x4
reserve_bit1 = 0x0
tc = 0x0
reserve_bit2 = 0x0
attr1 = 0x0
reserve_bit3 = 0x0
th = 0x0
td = 0x0
ep = 0x0
attr0 = 0x0
at = 0x0
length = 0x1
requester_id = 0x75e3
tag = 
0xb5
last_dw_be = 0x0
first_dw_be = 0x3
completer_id = 0x0
reserve_bit4 = 0x0
ext_register_number = 0x0
register_number = 0x0
reserve_bit5 = 0x0
payload = 0x31248367

---------------------------------- TLP 50 --------------------------------------- 
Config Type 0 Write Request (CfgWr0) with 3DW, with data
fmt = 0x2
type = 0x4
reserve_bit1 = 0x0
tc = 0x0
reserve_bit2 = 0x0
attr1 = 0x0
reserve_bit3 = 0x0
th = 0x0
td = 0x0
ep = 0x0
attr0 = 0x0
at = 0x0
length = 0x1
requester_id = 0xaa7
tag = 
0xa6
last_dw_be = 0x0
first_dw_be = 0x3
completer_id = 0x0
reserve_bit4 = 0x0
ext_register_number = 0x0
register_number = 0x0
reserve_bit5 = 0x0
payload = 0x8d60d342

---------------------------------- TLP 51 --------------------------------------- 
Config Type 0 Write Request (CfgWr0) with 3DW, with data
fmt = 0x2
type = 0x4
reserve_bit1 = 0x0
tc = 0x0
reserve_bit2 = 0x0
attr1 = 0x0
reserve_bit3 = 0x0
th = 0x0
td = 0x0
ep = 0x0
attr0 = 0x0
at = 0x0
length = 0x1
requester_id = 0x2ead
tag = 
0xd
last_dw_be = 0x0
first_dw_be = 0x3
completer_id = 0x0
reserve_bit4 = 0x0
ext_register_number = 0x0
register_number = 0x0
reserve_bit5 = 0x0
payload = 0x6f2ec159

---------------------------------- TLP 52 --------------------------------------- 
Config Type 0 Write Request (CfgWr0) with 3DW, with data
fmt = 0x2
type = 0x4
reserve_bit1 = 0x0
tc = 0x0
reserve_bit2 = 0x0
attr1 = 0x0
reserve_bit3 = 0x0
th = 0x0
td = 0x0
ep = 0x0
attr0 = 0x0
at = 0x0
length = 0x1
requester_id = 0x60d7
tag = 
0x3b
last_dw_be = 0x0
first_dw_be = 0x3
completer_id = 0x0
reserve_bit4 = 0x0
ext_register_number = 0x0
register_number = 0x0
reserve_bit5 = 0x0
payload = 0xe9a61318

---------------------------------- TLP 53 --------------------------------------- 
Config Type 0 Read Request (CfgRd0) with 3DW, no data
fmt = 0x0
type = 0x4
reserve_bit1 = 0x0
tc = 0x0
reserve_bit2 = 0x0
attr1 = 0x0
reserve_bit3 = 0x0
th = 0x0
td = 0x0
ep = 0x0
attr0 = 0x0
at = 0x0
length = 0x1
requester_id = 0x65a
tag = 
0xcc
last_dw_be = 0x0
first_dw_be = 0x3
completer_id = 0x0
reserve_bit4 = 0x0
ext_register_number = 0x0
register_number = 0x0
reserve_bit5 = 0x0
payload = 0x0

---------------------------------- TLP 54 --------------------------------------- 
Config Type 0 Write Request (CfgWr0) with 3DW, with data
fmt = 0x2
type = 0x4
reserve_bit1 = 0x0
tc = 0x0
reserve_bit2 = 0x0
attr1 = 0x0
reserve_bit3 = 0x0
th = 0x0
td = 0x0
ep = 0x0
attr0 = 0x0
at = 0x0
length = 0x1
requester_id = 0x397e
tag = 
0x79
last_dw_be = 0x0
first_dw_be = 0x3
completer_id = 0x0
reserve_bit4 = 0x0
ext_register_number = 0x0
register_number = 0x0
reserve_bit5 = 0x0
payload = 0xcdba67e0

---------------------------------- TLP 55 --------------------------------------- 
Config Type 0 Read Request (CfgRd0) with 3DW, no data
fmt = 0x0
type = 0x4
reserve_bit1 = 0x0
tc = 0x0
reserve_bit2 = 0x0
attr1 = 0x0
reserve_bit3 = 0x0
th = 0x0
td = 0x0
ep = 0x0
attr0 = 0x0
at = 0x0
length = 0x1
requester_id = 0x9488
tag = 
0x2c
last_dw_be = 0x0
first_dw_be = 0x3
completer_id = 0x0
reserve_bit4 = 0x0
ext_register_number = 0x0
register_number = 0x0
reserve_bit5 = 0x0
payload = 0x0

---------------------------------- TLP 56 --------------------------------------- 
Config Type 0 Read Request (CfgRd0) with 3DW, no data
fmt = 0x0
type = 0x4
reserve_bit1 = 0x0
tc = 0x0
reserve_bit2 = 0x0
attr1 = 0x0
reserve_bit3 = 0x0
th = 0x0
td = 0x0
ep = 0x0
attr0 = 0x0
at = 0x0
length = 0x1
requester_id = 0x27e4
tag = 
0x1e
last_dw_be = 0x0
first_dw_be = 0x3
completer_id = 0x0
reserve_bit4 = 0x0
ext_register_number = 0x0
register_number = 0x0
reserve_bit5 = 0x0
payload = 0x0

---------------------------------- TLP 57 --------------------------------------- 
Config Type 0 Read Request (CfgRd0) with 3DW, no data
fmt = 0x0
type = 0x4
reserve_bit1 = 0x0
tc = 0x0
reserve_bit2 = 0x0
attr1 = 0x0
reserve_bit3 = 0x0
th = 0x0
td = 0x0
ep = 0x0
attr0 = 0x0
at = 0x0
length = 0x1
requester_id = 0x9b42
tag = 
0x58
last_dw_be = 0x0
first_dw_be = 0x3
completer_id = 0x0
reserve_bit4 = 0x0
ext_register_number = 0x0
register_number = 0x0
reserve_bit5 = 0x0
payload = 0x0

---------------------------------- TLP 58 --------------------------------------- 
Config Type 0 Read Request (CfgRd0) with 3DW, no data
fmt = 0x0
type = 0x4
reserve_bit1 = 0x0
tc = 0x0
reserve_bit2 = 0x0
attr1 = 0x0
reserve_bit3 = 0x0
th = 0x0
td = 0x0
ep = 0x0
attr0 = 0x0
at = 0x0
length = 0x1
requester_id = 0x4b84
tag = 
0x6a
last_dw_be = 0x0
first_dw_be = 0x3
completer_id = 0x0
reserve_bit4 = 0x0
ext_register_number = 0x0
register_number = 0x0
reserve_bit5 = 0x0
payload = 0x0

---------------------------------- TLP 59 --------------------------------------- 
Config Type 0 Write Request (CfgWr0) with 3DW, with data
fmt = 0x2
type = 0x4
reserve_bit1 = 0x0
tc = 0x0
reserve_bit2 = 0x0
attr1 = 0x0
reserve_bit3 = 0x0
th = 0x0
td = 0x0
ep = 0x0
attr0 = 0x0
at = 0x0
length = 0x1
requester_id = 0xae9d
tag = 
0x6c
last_dw_be = 0x0
first_dw_be = 0x3
completer_id = 0x0
reserve_bit4 = 0x0
ext_register_number = 0x0
register_number = 0x0
reserve_bit5 = 0x0
payload = 0x4aef4e9

---------------------------------- TLP 60 --------------------------------------- 
Config Type 0 Write Request (CfgWr0) with 3DW, with data
fmt = 0x2
type = 0x4
reserve_bit1 = 0x0
tc = 0x0
reserve_bit2 = 0x0
attr1 = 0x0
reserve_bit3 = 0x0
th = 0x0
td = 0x0
ep = 0x0
attr0 = 0x0
at = 0x0
length = 0x1
requester_id = 0xa5fc
tag = 
0x59
last_dw_be = 0x0
first_dw_be = 0x3
completer_id = 0x0
reserve_bit4 = 0x0
ext_register_number = 0x0
register_number = 0x0
reserve_bit5 = 0x0
payload = 0x598d6bf2

---------------------------------- TLP 61 --------------------------------------- 
Config Type 0 Write Request (CfgWr0) with 3DW, with data
fmt = 0x2
type = 0x4
reserve_bit1 = 0x0
tc = 0x0
reserve_bit2 = 0x0
attr1 = 0x0
reserve_bit3 = 0x0
th = 0x0
td = 0x0
ep = 0x0
attr0 = 0x0
at = 0x0
length = 0x1
requester_id = 0x1ed4
tag = 
0xf2
last_dw_be = 0x0
first_dw_be = 0x3
completer_id = 0x0
reserve_bit4 = 0x0
ext_register_number = 0x0
register_number = 0x0
reserve_bit5 = 0x0
payload = 0xe6d48001

---------------------------------- TLP 62 --------------------------------------- 
Config Type 0 Read Request (CfgRd0) with 3DW, no data
fmt = 0x0
type = 0x4
reserve_bit1 = 0x0
tc = 0x0
reserve_bit2 = 0x0
attr1 = 0x0
reserve_bit3 = 0x0
th = 0x0
td = 0x0
ep = 0x0
attr0 = 0x0
at = 0x0
length = 0x1
requester_id = 0x28d4
tag = 
0xc2
last_dw_be = 0x0
first_dw_be = 0x3
completer_id = 0x0
reserve_bit4 = 0x0
ext_register_number = 0x0
register_number = 0x0
reserve_bit5 = 0x0
payload = 0x0

---------------------------------- TLP 63 --------------------------------------- 
Config Type 0 Read Request (CfgRd0) with 3DW, no data
fmt = 0x0
type = 0x4
reserve_bit1 = 0x0
tc = 0x0
reserve_bit2 = 0x0
attr1 = 0x0
reserve_bit3 = 0x0
th = 0x0
td = 0x0
ep = 0x0
attr0 = 0x0
at = 0x0
length = 0x1
requester_id = 0xd874
tag = 
0xe0
last_dw_be = 0x0
first_dw_be = 0x3
completer_id = 0x0
reserve_bit4 = 0x0
ext_register_number = 0x0
register_number = 0x0
reserve_bit5 = 0x0
payload = 0x0

---------------------------------- TLP 64 --------------------------------------- 
Config Type 0 Read Request (CfgRd0) with 3DW, no data
fmt = 0x0
type = 0x4
reserve_bit1 = 0x0
tc = 0x0
reserve_bit2 = 0x0
attr1 = 0x0
reserve_bit3 = 0x0
th = 0x0
td = 0x0
ep = 0x0
attr0 = 0x0
at = 0x0
length = 0x1
requester_id = 0xc71c
tag = 
0xd1
last_dw_be = 0x0
first_dw_be = 0x3
completer_id = 0x0
reserve_bit4 = 0x0
ext_register_number = 0x0
register_number = 0x0
reserve_bit5 = 0x0
payload = 0x0

---------------------------------- TLP 65 --------------------------------------- 
Config Type 0 Write Request (CfgWr0) with 3DW, with data
fmt = 0x2
type = 0x4
reserve_bit1 = 0x0
tc = 0x0
reserve_bit2 = 0x0
attr1 = 0x0
reserve_bit3 = 0x0
th = 0x0
td = 0x0
ep = 0x0
attr0 = 0x0
at = 0x0
length = 0x1
requester_id = 0x8510
tag = 
0x67
last_dw_be = 0x0
first_dw_be = 0x3
completer_id = 0x0
reserve_bit4 = 0x0
ext_register_number = 0x0
register_number = 0x0
reserve_bit5 = 0x0
payload = 0xfe988fa

---------------------------------- TLP 66 --------------------------------------- 
Config Type 0 Read Request (CfgRd0) with 3DW, no data
fmt = 0x0
type = 0x4
reserve_bit1 = 0x0
tc = 0x0
reserve_bit2 = 0x0
attr1 = 0x0
reserve_bit3 = 0x0
th = 0x0
td = 0x0
ep = 0x0
attr0 = 0x0
at = 0x0
length = 0x1
requester_id = 0x6060
tag = 
0x63
last_dw_be = 0x0
first_dw_be = 0x3
completer_id = 0x0
reserve_bit4 = 0x0
ext_register_number = 0x0
register_number = 0x0
reserve_bit5 = 0x0
payload = 0x0

---------------------------------- TLP 67 --------------------------------------- 
Config Type 0 Write Request (CfgWr0) with 3DW, with data
fmt = 0x2
type = 0x4
reserve_bit1 = 0x0
tc = 0x0
reserve_bit2 = 0x0
attr1 = 0x0
reserve_bit3 = 0x0
th = 0x0
td = 0x0
ep = 0x0
attr0 = 0x0
at = 0x0
length = 0x1
requester_id = 0x24f9
tag = 
0x94
last_dw_be = 0x0
first_dw_be = 0x3
completer_id = 0x0
reserve_bit4 = 0x0
ext_register_number = 0x0
register_number = 0x0
reserve_bit5 = 0x0
payload = 0xb248f0fc

---------------------------------- TLP 68 --------------------------------------- 
Config Type 0 Read Request (CfgRd0) with 3DW, no data
fmt = 0x0
type = 0x4
reserve_bit1 = 0x0
tc = 0x0
reserve_bit2 = 0x0
attr1 = 0x0
reserve_bit3 = 0x0
th = 0x0
td = 0x0
ep = 0x0
attr0 = 0x0
at = 0x0
length = 0x1
requester_id = 0xba8
tag = 
0xb7
last_dw_be = 0x0
first_dw_be = 0x3
completer_id = 0x0
reserve_bit4 = 0x0
ext_register_number = 0x0
register_number = 0x0
reserve_bit5 = 0x0
payload = 0x0

---------------------------------- TLP 69 --------------------------------------- 
Config Type 0 Read Request (CfgRd0) with 3DW, no data
fmt = 0x0
type = 0x4
reserve_bit1 = 0x0
tc = 0x0
reserve_bit2 = 0x0
attr1 = 0x0
reserve_bit3 = 0x0
th = 0x0
td = 0x0
ep = 0x0
attr0 = 0x0
at = 0x0
length = 0x1
requester_id = 0x7031
tag = 
0x7d
last_dw_be = 0x0
first_dw_be = 0x3
completer_id = 0x0
reserve_bit4 = 0x0
ext_register_number = 0x0
register_number = 0x0
reserve_bit5 = 0x0
payload = 0x0

---------------------------------- TLP 70 --------------------------------------- 
Config Type 0 Write Request (CfgWr0) with 3DW, with data
fmt = 0x2
type = 0x4
reserve_bit1 = 0x0
tc = 0x0
reserve_bit2 = 0x0
attr1 = 0x0
reserve_bit3 = 0x0
th = 0x0
td = 0x0
ep = 0x0
attr0 = 0x0
at = 0x0
length = 0x1
requester_id = 0x9a9
tag = 
0x2f
last_dw_be = 0x0
first_dw_be = 0x3
completer_id = 0x0
reserve_bit4 = 0x0
ext_register_number = 0x0
register_number = 0x0
reserve_bit5 = 0x0
payload = 0x86dfeb69

---------------------------------- TLP 71 --------------------------------------- 
Config Type 0 Read Request (CfgRd0) with 3DW, no data
fmt = 0x0
type = 0x4
reserve_bit1 = 0x0
tc = 0x0
reserve_bit2 = 0x0
attr1 = 0x0
reserve_bit3 = 0x0
th = 0x0
td = 0x0
ep = 0x0
attr0 = 0x0
at = 0x0
length = 0x1
requester_id = 0x7021
tag = 
0x32
last_dw_be = 0x0
first_dw_be = 0x3
completer_id = 0x0
reserve_bit4 = 0x0
ext_register_number = 0x0
register_number = 0x0
reserve_bit5 = 0x0
payload = 0x0

---------------------------------- TLP 72 --------------------------------------- 
Config Type 0 Read Request (CfgRd0) with 3DW, no data
fmt = 0x0
type = 0x4
reserve_bit1 = 0x0
tc = 0x0
reserve_bit2 = 0x0
attr1 = 0x0
reserve_bit3 = 0x0
th = 0x0
td = 0x0
ep = 0x0
attr0 = 0x0
at = 0x0
length = 0x1
requester_id = 0xa471
tag = 
0x92
last_dw_be = 0x0
first_dw_be = 0x3
completer_id = 0x0
reserve_bit4 = 0x0
ext_register_number = 0x0
register_number = 0x0
reserve_bit5 = 0x0
payload = 0x0

---------------------------------- TLP 73 --------------------------------------- 
Config Type 0 Write Request (CfgWr0) with 3DW, with data
fmt = 0x2
type = 0x4
reserve_bit1 = 0x0
tc = 0x0
reserve_bit2 = 0x0
attr1 = 0x0
reserve_bit3 = 0x0
th = 0x0
td = 0x0
ep = 0x0
attr0 = 0x0
at = 0x0
length = 0x1
requester_id = 0x6a7b
tag = 
0xd9
last_dw_be = 0x0
first_dw_be = 0x3
completer_id = 0x0
reserve_bit4 = 0x0
ext_register_number = 0x0
register_number = 0x0
reserve_bit5 = 0x0
payload = 0x62553017

---------------------------------- TLP 74 --------------------------------------- 
Config Type 0 Read Request (CfgRd0) with 3DW, no data
fmt = 0x0
type = 0x4
reserve_bit1 = 0x0
tc = 0x0
reserve_bit2 = 0x0
attr1 = 0x0
reserve_bit3 = 0x0
th = 0x0
td = 0x0
ep = 0x0
attr0 = 0x0
at = 0x0
length = 0x1
requester_id = 0x5b07
tag = 
0x36
last_dw_be = 0x0
first_dw_be = 0x3
completer_id = 0x0
reserve_bit4 = 0x0
ext_register_number = 0x0
register_number = 0x0
reserve_bit5 = 0x0
payload = 0x0

---------------------------------- TLP 75 --------------------------------------- 
Config Type 0 Read Request (CfgRd0) with 3DW, no data
fmt = 0x0
type = 0x4
reserve_bit1 = 0x0
tc = 0x0
reserve_bit2 = 0x0
attr1 = 0x0
reserve_bit3 = 0x0
th = 0x0
td = 0x0
ep = 0x0
attr0 = 0x0
at = 0x0
length = 0x1
requester_id = 0xed74
tag = 
0xbe
last_dw_be = 0x0
first_dw_be = 0x3
completer_id = 0x0
reserve_bit4 = 0x0
ext_register_number = 0x0
register_number = 0x0
reserve_bit5 = 0x0
payload = 0x0

---------------------------------- TLP 76 --------------------------------------- 
Config Type 0 Read Request (CfgRd0) with 3DW, no data
fmt = 0x0
type = 0x4
reserve_bit1 = 0x0
tc = 0x0
reserve_bit2 = 0x0
attr1 = 0x0
reserve_bit3 = 0x0
th = 0x0
td = 0x0
ep = 0x0
attr0 = 0x0
at = 0x0
length = 0x1
requester_id = 0x504d
tag = 
0xee
last_dw_be = 0x0
first_dw_be = 0x3
completer_id = 0x0
reserve_bit4 = 0x0
ext_register_number = 0x0
register_number = 0x0
reserve_bit5 = 0x0
payload = 0x0

---------------------------------- TLP 77 --------------------------------------- 
Config Type 0 Write Request (CfgWr0) with 3DW, with data
fmt = 0x2
type = 0x4
reserve_bit1 = 0x0
tc = 0x0
reserve_bit2 = 0x0
attr1 = 0x0
reserve_bit3 = 0x0
th = 0x0
td = 0x0
ep = 0x0
attr0 = 0x0
at = 0x0
length = 0x1
requester_id = 0xbb7b
tag = 
0x87
last_dw_be = 0x0
first_dw_be = 0x3
completer_id = 0x0
reserve_bit4 = 0x0
ext_register_number = 0x0
register_number = 0x0
reserve_bit5 = 0x0
payload = 0xa25dc669

---------------------------------- TLP 78 --------------------------------------- 
Config Type 0 Read Request (CfgRd0) with 3DW, no data
fmt = 0x0
type = 0x4
reserve_bit1 = 0x0
tc = 0x0
reserve_bit2 = 0x0
attr1 = 0x0
reserve_bit3 = 0x0
th = 0x0
td = 0x0
ep = 0x0
attr0 = 0x0
at = 0x0
length = 0x1
requester_id = 0x5882
tag = 
0xa9
last_dw_be = 0x0
first_dw_be = 0x3
completer_id = 0x0
reserve_bit4 = 0x0
ext_register_number = 0x0
register_number = 0x0
reserve_bit5 = 0x0
payload = 0x0

---------------------------------- TLP 79 --------------------------------------- 
Config Type 0 Read Request (CfgRd0) with 3DW, no data
fmt = 0x0
type = 0x4
reserve_bit1 = 0x0
tc = 0x0
reserve_bit2 = 0x0
attr1 = 0x0
reserve_bit3 = 0x0
th = 0x0
td = 0x0
ep = 0x0
attr0 = 0x0
at = 0x0
length = 0x1
requester_id = 0xa254
tag = 
0xa9
last_dw_be = 0x0
first_dw_be = 0x3
completer_id = 0x0
reserve_bit4 = 0x0
ext_register_number = 0x0
register_number = 0x0
reserve_bit5 = 0x0
payload = 0x0

---------------------------------- TLP 80 --------------------------------------- 
Config Type 0 Read Request (CfgRd0) with 3DW, no data
fmt = 0x0
type = 0x4
reserve_bit1 = 0x0
tc = 0x0
reserve_bit2 = 0x0
attr1 = 0x0
reserve_bit3 = 0x0
th = 0x0
td = 0x0
ep = 0x0
attr0 = 0x0
at = 0x0
length = 0x1
requester_id = 0xed37
tag = 
0xd6
last_dw_be = 0x0
first_dw_be = 0x3
completer_id = 0x0
reserve_bit4 = 0x0
ext_register_number = 0x0
register_number = 0x0
reserve_bit5 = 0x0
payload = 0x0

---------------------------------- TLP 81 --------------------------------------- 
Config Type 0 Write Request (CfgWr0) with 3DW, with data
fmt = 0x2
type = 0x4
reserve_bit1 = 0x0
tc = 0x0
reserve_bit2 = 0x0
attr1 = 0x0
reserve_bit3 = 0x0
th = 0x0
td = 0x0
ep = 0x0
attr0 = 0x0
at = 0x0
length = 0x1
requester_id = 0xbb89
tag = 
0xe7
last_dw_be = 0x0
first_dw_be = 0x3
completer_id = 0x0
reserve_bit4 = 0x0
ext_register_number = 0x0
register_number = 0x0
reserve_bit5 = 0x0
payload = 0x2a500660

---------------------------------- TLP 82 --------------------------------------- 
Config Type 0 Write Request (CfgWr0) with 3DW, with data
fmt = 0x2
type = 0x4
reserve_bit1 = 0x0
tc = 0x0
reserve_bit2 = 0x0
attr1 = 0x0
reserve_bit3 = 0x0
th = 0x0
td = 0x0
ep = 0x0
attr0 = 0x0
at = 0x0
length = 0x1
requester_id = 0xbe0b
tag = 
0xe1
last_dw_be = 0x0
first_dw_be = 0x3
completer_id = 0x0
reserve_bit4 = 0x0
ext_register_number = 0x0
register_number = 0x0
reserve_bit5 = 0x0
payload = 0x393cd28

---------------------------------- TLP 83 --------------------------------------- 
Config Type 0 Write Request (CfgWr0) with 3DW, with data
fmt = 0x2
type = 0x4
reserve_bit1 = 0x0
tc = 0x0
reserve_bit2 = 0x0
attr1 = 0x0
reserve_bit3 = 0x0
th = 0x0
td = 0x0
ep = 0x0
attr0 = 0x0
at = 0x0
length = 0x1
requester_id = 0xc8cf
tag = 
0x1d
last_dw_be = 0x0
first_dw_be = 0x3
completer_id = 0x0
reserve_bit4 = 0x0
ext_register_number = 0x0
register_number = 0x0
reserve_bit5 = 0x0
payload = 0x7728db78

---------------------------------- TLP 84 --------------------------------------- 
Config Type 0 Read Request (CfgRd0) with 3DW, no data
fmt = 0x0
type = 0x4
reserve_bit1 = 0x0
tc = 0x0
reserve_bit2 = 0x0
attr1 = 0x0
reserve_bit3 = 0x0
th = 0x0
td = 0x0
ep = 0x0
attr0 = 0x0
at = 0x0
length = 0x1
requester_id = 0xabe0
tag = 
0xf4
last_dw_be = 0x0
first_dw_be = 0x3
completer_id = 0x0
reserve_bit4 = 0x0
ext_register_number = 0x0
register_number = 0x0
reserve_bit5 = 0x0
payload = 0x0

---------------------------------- TLP 85 --------------------------------------- 
Config Type 0 Read Request (CfgRd0) with 3DW, no data
fmt = 0x0
type = 0x4
reserve_bit1 = 0x0
tc = 0x0
reserve_bit2 = 0x0
attr1 = 0x0
reserve_bit3 = 0x0
th = 0x0
td = 0x0
ep = 0x0
attr0 = 0x0
at = 0x0
length = 0x1
requester_id = 0xb0f
tag = 
0x0
last_dw_be = 0x0
first_dw_be = 0x3
completer_id = 0x0
reserve_bit4 = 0x0
ext_register_number = 0x0
register_number = 0x0
reserve_bit5 = 0x0
payload = 0x0

---------------------------------- TLP 86 --------------------------------------- 
Config Type 0 Write Request (CfgWr0) with 3DW, with data
fmt = 0x2
type = 0x4
reserve_bit1 = 0x0
tc = 0x0
reserve_bit2 = 0x0
attr1 = 0x0
reserve_bit3 = 0x0
th = 0x0
td = 0x0
ep = 0x0
attr0 = 0x0
at = 0x0
length = 0x1
requester_id = 0x255f
tag = 
0xf5
last_dw_be = 0x0
first_dw_be = 0x3
completer_id = 0x0
reserve_bit4 = 0x0
ext_register_number = 0x0
register_number = 0x0
reserve_bit5 = 0x0
payload = 0x34199fc5

---------------------------------- TLP 87 --------------------------------------- 
Config Type 0 Read Request (CfgRd0) with 3DW, no data
fmt = 0x0
type = 0x4
reserve_bit1 = 0x0
tc = 0x0
reserve_bit2 = 0x0
attr1 = 0x0
reserve_bit3 = 0x0
th = 0x0
td = 0x0
ep = 0x0
attr0 = 0x0
at = 0x0
length = 0x1
requester_id = 0x8cf3
tag = 
0xe9
last_dw_be = 0x0
first_dw_be = 0x3
completer_id = 0x0
reserve_bit4 = 0x0
ext_register_number = 0x0
register_number = 0x0
reserve_bit5 = 0x0
payload = 0x0

---------------------------------- TLP 88 --------------------------------------- 
Config Type 0 Read Request (CfgRd0) with 3DW, no data
fmt = 0x0
type = 0x4
reserve_bit1 = 0x0
tc = 0x0
reserve_bit2 = 0x0
attr1 = 0x0
reserve_bit3 = 0x0
th = 0x0
td = 0x0
ep = 0x0
attr0 = 0x0
at = 0x0
length = 0x1
requester_id = 0x786e
tag = 
0xfd
last_dw_be = 0x0
first_dw_be = 0x3
completer_id = 0x0
reserve_bit4 = 0x0
ext_register_number = 0x0
register_number = 0x0
reserve_bit5 = 0x0
payload = 0x0

---------------------------------- TLP 89 --------------------------------------- 
Config Type 0 Read Request (CfgRd0) with 3DW, no data
fmt = 0x0
type = 0x4
reserve_bit1 = 0x0
tc = 0x0
reserve_bit2 = 0x0
attr1 = 0x0
reserve_bit3 = 0x0
th = 0x0
td = 0x0
ep = 0x0
attr0 = 0x0
at = 0x0
length = 0x1
requester_id = 0x5d94
tag = 
0x18
last_dw_be = 0x0
first_dw_be = 0x3
completer_id = 0x0
reserve_bit4 = 0x0
ext_register_number = 0x0
register_number = 0x0
reserve_bit5 = 0x0
payload = 0x0

---------------------------------- TLP 90 --------------------------------------- 
Config Type 0 Read Request (CfgRd0) with 3DW, no data
fmt = 0x0
type = 0x4
reserve_bit1 = 0x0
tc = 0x0
reserve_bit2 = 0x0
attr1 = 0x0
reserve_bit3 = 0x0
th = 0x0
td = 0x0
ep = 0x0
attr0 = 0x0
at = 0x0
length = 0x1
requester_id = 0x46fc
tag = 
0x7e
last_dw_be = 0x0
first_dw_be = 0x3
completer_id = 0x0
reserve_bit4 = 0x0
ext_register_number = 0x0
register_number = 0x0
reserve_bit5 = 0x0
payload = 0x0

---------------------------------- TLP 91 --------------------------------------- 
Config Type 0 Write Request (CfgWr0) with 3DW, with data
fmt = 0x2
type = 0x4
reserve_bit1 = 0x0
tc = 0x0
reserve_bit2 = 0x0
attr1 = 0x0
reserve_bit3 = 0x0
th = 0x0
td = 0x0
ep = 0x0
attr0 = 0x0
at = 0x0
length = 0x1
requester_id = 0xfbc9
tag = 
0xc3
last_dw_be = 0x0
first_dw_be = 0x3
completer_id = 0x0
reserve_bit4 = 0x0
ext_register_number = 0x0
register_number = 0x0
reserve_bit5 = 0x0
payload = 0x3bee1121

---------------------------------- TLP 92 --------------------------------------- 
Config Type 0 Write Request (CfgWr0) with 3DW, with data
fmt = 0x2
type = 0x4
reserve_bit1 = 0x0
tc = 0x0
reserve_bit2 = 0x0
attr1 = 0x0
reserve_bit3 = 0x0
th = 0x0
td = 0x0
ep = 0x0
attr0 = 0x0
at = 0x0
length = 0x1
requester_id = 0x8739
tag = 
0xfe
last_dw_be = 0x0
first_dw_be = 0x3
completer_id = 0x0
reserve_bit4 = 0x0
ext_register_number = 0x0
register_number = 0x0
reserve_bit5 = 0x0
payload = 0xddd26999

---------------------------------- TLP 93 --------------------------------------- 
Config Type 0 Write Request (CfgWr0) with 3DW, with data
fmt = 0x2
type = 0x4
reserve_bit1 = 0x0
tc = 0x0
reserve_bit2 = 0x0
attr1 = 0x0
reserve_bit3 = 0x0
th = 0x0
td = 0x0
ep = 0x0
attr0 = 0x0
at = 0x0
length = 0x1
requester_id = 0xcb9b
tag = 
0xcc
last_dw_be = 0x0
first_dw_be = 0x3
completer_id = 0x0
reserve_bit4 = 0x0
ext_register_number = 0x0
register_number = 0x0
reserve_bit5 = 0x0
payload = 0x82ba7809

---------------------------------- TLP 94 --------------------------------------- 
Config Type 0 Write Request (CfgWr0) with 3DW, with data
fmt = 0x2
type = 0x4
reserve_bit1 = 0x0
tc = 0x0
reserve_bit2 = 0x0
attr1 = 0x0
reserve_bit3 = 0x0
th = 0x0
td = 0x0
ep = 0x0
attr0 = 0x0
at = 0x0
length = 0x1
requester_id = 0x5b4c
tag = 
0xd9
last_dw_be = 0x0
first_dw_be = 0x3
completer_id = 0x0
reserve_bit4 = 0x0
ext_register_number = 0x0
register_number = 0x0
reserve_bit5 = 0x0
payload = 0x7af5d436

---------------------------------- TLP 95 --------------------------------------- 
Config Type 0 Write Request (CfgWr0) with 3DW, with data
fmt = 0x2
type = 0x4
reserve_bit1 = 0x0
tc = 0x0
reserve_bit2 = 0x0
attr1 = 0x0
reserve_bit3 = 0x0
th = 0x0
td = 0x0
ep = 0x0
attr0 = 0x0
at = 0x0
length = 0x1
requester_id = 0x2aa9
tag = 
0x7f
last_dw_be = 0x0
first_dw_be = 0x3
completer_id = 0x0
reserve_bit4 = 0x0
ext_register_number = 0x0
register_number = 0x0
reserve_bit5 = 0x0
payload = 0xec9738eb

---------------------------------- TLP 96 --------------------------------------- 
Config Type 0 Write Request (CfgWr0) with 3DW, with data
fmt = 0x2
type = 0x4
reserve_bit1 = 0x0
tc = 0x0
reserve_bit2 = 0x0
attr1 = 0x0
reserve_bit3 = 0x0
th = 0x0
td = 0x0
ep = 0x0
attr0 = 0x0
at = 0x0
length = 0x1
requester_id = 0xfd28
tag = 
0x42
last_dw_be = 0x0
first_dw_be = 0x3
completer_id = 0x0
reserve_bit4 = 0x0
ext_register_number = 0x0
register_number = 0x0
reserve_bit5 = 0x0
payload = 0x3f116363

---------------------------------- TLP 97 --------------------------------------- 
Config Type 0 Read Request (CfgRd0) with 3DW, no data
fmt = 0x0
type = 0x4
reserve_bit1 = 0x0
tc = 0x0
reserve_bit2 = 0x0
attr1 = 0x0
reserve_bit3 = 0x0
th = 0x0
td = 0x0
ep = 0x0
attr0 = 0x0
at = 0x0
length = 0x1
requester_id = 0x3982
tag = 
0xa9
last_dw_be = 0x0
first_dw_be = 0x3
completer_id = 0x0
reserve_bit4 = 0x0
ext_register_number = 0x0
register_number = 0x0
reserve_bit5 = 0x0
payload = 0x0

---------------------------------- TLP 98 --------------------------------------- 
Config Type 0 Read Request (CfgRd0) with 3DW, no data
fmt = 0x0
type = 0x4
reserve_bit1 = 0x0
tc = 0x0
reserve_bit2 = 0x0
attr1 = 0x0
reserve_bit3 = 0x0
th = 0x0
td = 0x0
ep = 0x0
attr0 = 0x0
at = 0x0
length = 0x1
requester_id = 0x9b80
tag = 
0x4b
last_dw_be = 0x0
first_dw_be = 0x3
completer_id = 0x0
reserve_bit4 = 0x0
ext_register_number = 0x0
register_number = 0x0
reserve_bit5 = 0x0
payload = 0x0

---------------------------------- TLP 99 --------------------------------------- 
Config Type 0 Read Request (CfgRd0) with 3DW, no data
fmt = 0x0
type = 0x4
reserve_bit1 = 0x0
tc = 0x0
reserve_bit2 = 0x0
attr1 = 0x0
reserve_bit3 = 0x0
th = 0x0
td = 0x0
ep = 0x0
attr0 = 0x0
at = 0x0
length = 0x1
requester_id = 0x240c
tag = 
0x16
last_dw_be = 0x0
first_dw_be = 0x3
completer_id = 0x0
reserve_bit4 = 0x0
ext_register_number = 0x0
register_number = 0x0
reserve_bit5 = 0x0
payload = 0x0

