TLP 0 from EP base class : 01000100000000000000000000000001001111010111001011110111000000110000000000000000000000001111000010001000010111100010000000000011

********************************* TLP number 0 **********************************
TLP 0 from EP checker : 01000100000000000000000000000001001111010111001011110111000000110000000000000000000000001111000010001000010111100010000000000011

|   Fmt |   Type |   T9 |   TC |   T8 |   Attr1 |   LN |   TH |   TD |   EP |   Attr0 |   AT |     Length |     Requester_Id |      Tag |   Last_DW_BE |   First_DW_BE |    Completion_Id |   Rsv_10_7 |   Ext_Register_Num |   Register_Num |   Rsv_11_1 |                             Data |    |
|-------+--------+------+------+------+---------+------+------+------+------+---------+------+------------+------------------+----------+--------------+---------------+------------------+------------+--------------------+----------------+------------+----------------------------------+----|
|   010 |  00100 |    0 |  000 |    0 |       0 |    0 |    0 |    0 |    0 |      00 |   00 | 0000000001 | 0011110101110010 | 11110111 |         0000 |          0011 | 0000000000000000 |       0000 |               0000 |         111100 |         00 | 10001000010111100010000000000011 |    |
printing length of TLP from end-point 128
Packet passed the end-point!




TLP 1 from EP base class : 00000100000000000000000000000001100110110110011000011110000000110000000000000000000000000000000000000000000000000000000000000000

********************************* TLP number 1 **********************************
TLP 1 from EP checker : 00000100000000000000000000000001100110110110011000011110000000110000000000000000000000000000000000000000000000000000000000000000

|   Fmt |   Type |   T9 |   TC |   T8 |   Attr1 |   LN |   TH |   TD |   EP |   Attr0 |   AT |     Length |     Requester_Id |      Tag |   Last_DW_BE |   First_DW_BE |    Completion_Id |   Rsv_10_7 |   Ext_Register_Num |   Register_Num |   Rsv_11_1 |                             Data |    |
|-------+--------+------+------+------+---------+------+------+------+------+---------+------+------------+------------------+----------+--------------+---------------+------------------+------------+--------------------+----------------+------------+----------------------------------+----|
|   000 |  00100 |    0 |  000 |    0 |       0 |    0 |    0 |    0 |    0 |      00 |   00 | 0000000001 | 1001101101100110 | 00011110 |         0000 |          0011 | 0000000000000000 |       0000 |               0000 |         000000 |         00 | 00000000000000000000000000000000 |    |
printing length of TLP from end-point 128
Packet passed the end-point!




TLP 2 from EP base class : 01000100000000000000000000000001000101111000000001010001000000110000000000000000000000001111000010101000000111001100001010111001

********************************* TLP number 2 **********************************
TLP 2 from EP checker : 01000100000000000000000000000001000101111000000001010001000000110000000000000000000000001111000010101000000111001100001010111001

|   Fmt |   Type |   T9 |   TC |   T8 |   Attr1 |   LN |   TH |   TD |   EP |   Attr0 |   AT |     Length |     Requester_Id |      Tag |   Last_DW_BE |   First_DW_BE |    Completion_Id |   Rsv_10_7 |   Ext_Register_Num |   Register_Num |   Rsv_11_1 |                             Data |    |
|-------+--------+------+------+------+---------+------+------+------+------+---------+------+------------+------------------+----------+--------------+---------------+------------------+------------+--------------------+----------------+------------+----------------------------------+----|
|   010 |  00100 |    0 |  000 |    0 |       0 |    0 |    0 |    0 |    0 |      00 |   00 | 0000000001 | 0001011110000000 | 01010001 |         0000 |          0011 | 0000000000000000 |       0000 |               0000 |         111100 |         00 | 10101000000111001100001010111001 |    |
printing length of TLP from end-point 128
Packet passed the end-point!




TLP 3 from EP base class : 00000100010100000000000000000001111100101111101011100100000000110000000000000000000000001111000000000000000000000000000000000000

********************************* TLP number 3 **********************************
TLP 3 from EP checker : 00000100010100000000000000000001111100101111101011100100000000110000000000000000000000001111000000000000000000000000000000000000

|   Fmt |   Type |   T9 |   TC |   T8 |   Attr1 |   LN |   TH |   TD |   EP |   Attr0 |   AT |     Length |     Requester_Id |      Tag |   Last_DW_BE |   First_DW_BE |    Completion_Id |   Rsv_10_7 |   Ext_Register_Num |   Register_Num |   Rsv_11_1 |                             Data |    |
|-------+--------+------+------+------+---------+------+------+------+------+---------+------+------------+------------------+----------+--------------+---------------+------------------+------------+--------------------+----------------+------------+----------------------------------+----|
|   000 |  00100 |    0 |  101 |    0 |       0 |    0 |    0 |    0 |    0 |      00 |   00 | 0000000001 | 1111001011111010 | 11100100 |         0000 |          0011 | 0000000000000000 |       0000 |               0000 |         111100 |         00 | 00000000000000000000000000000000 |    |
printing length of TLP from end-point 128
INVALID TLP: for CFG request, TC is not ZERO: Value 5

*** EP_CHECKER_ERR_ID_3 ***
Packet failed the end-point!




TLP 4 from EP base class : 01000100001000000000000000000001111000110111110110110011000000110000000000000000000000001111000000101111110111011100110111010111

********************************* TLP number 4 **********************************
TLP 4 from EP checker : 01000100001000000000000000000001111000110111110110110011000000110000000000000000000000001111000000101111110111011100110111010111

|   Fmt |   Type |   T9 |   TC |   T8 |   Attr1 |   LN |   TH |   TD |   EP |   Attr0 |   AT |     Length |     Requester_Id |      Tag |   Last_DW_BE |   First_DW_BE |    Completion_Id |   Rsv_10_7 |   Ext_Register_Num |   Register_Num |   Rsv_11_1 |                             Data |    |
|-------+--------+------+------+------+---------+------+------+------+------+---------+------+------------+------------------+----------+--------------+---------------+------------------+------------+--------------------+----------------+------------+----------------------------------+----|
|   010 |  00100 |    0 |  010 |    0 |       0 |    0 |    0 |    0 |    0 |      00 |   00 | 0000000001 | 1110001101111101 | 10110011 |         0000 |          0011 | 0000000000000000 |       0000 |               0000 |         111100 |         00 | 00101111110111011100110111010111 |    |
printing length of TLP from end-point 128
INVALID TLP: for CFG request, TC is not ZERO: Value 2

*** EP_CHECKER_ERR_ID_4 ***
Packet failed the end-point!




TLP 5 from EP base class : 01000100001100000000000000000001101010101000000000101100000000110000000000000000000000001111000001001001111100101001011101010100

********************************* TLP number 5 **********************************
TLP 5 from EP checker : 01000100001100000000000000000001101010101000000000101100000000110000000000000000000000001111000001001001111100101001011101010100

|   Fmt |   Type |   T9 |   TC |   T8 |   Attr1 |   LN |   TH |   TD |   EP |   Attr0 |   AT |     Length |     Requester_Id |      Tag |   Last_DW_BE |   First_DW_BE |    Completion_Id |   Rsv_10_7 |   Ext_Register_Num |   Register_Num |   Rsv_11_1 |                             Data |    |
|-------+--------+------+------+------+---------+------+------+------+------+---------+------+------------+------------------+----------+--------------+---------------+------------------+------------+--------------------+----------------+------------+----------------------------------+----|
|   010 |  00100 |    0 |  011 |    0 |       0 |    0 |    0 |    0 |    0 |      00 |   00 | 0000000001 | 1010101010000000 | 00101100 |         0000 |          0011 | 0000000000000000 |       0000 |               0000 |         111100 |         00 | 01001001111100101001011101010100 |    |
printing length of TLP from end-point 128
INVALID TLP: for CFG request, TC is not ZERO: Value 3

*** EP_CHECKER_ERR_ID_5 ***
Packet failed the end-point!




TLP 6 from EP base class : 01000100000000000000000000000001100111000001001100101010000000110000000000000000000000001111000010110011011001000101010011011101

********************************* TLP number 6 **********************************
TLP 6 from EP checker : 01000100000000000000000000000001100111000001001100101010000000110000000000000000000000001111000010110011011001000101010011011101

|   Fmt |   Type |   T9 |   TC |   T8 |   Attr1 |   LN |   TH |   TD |   EP |   Attr0 |   AT |     Length |     Requester_Id |      Tag |   Last_DW_BE |   First_DW_BE |    Completion_Id |   Rsv_10_7 |   Ext_Register_Num |   Register_Num |   Rsv_11_1 |                             Data |    |
|-------+--------+------+------+------+---------+------+------+------+------+---------+------+------------+------------------+----------+--------------+---------------+------------------+------------+--------------------+----------------+------------+----------------------------------+----|
|   010 |  00100 |    0 |  000 |    0 |       0 |    0 |    0 |    0 |    0 |      00 |   00 | 0000000001 | 1001110000010011 | 00101010 |         0000 |          0011 | 0000000000000000 |       0000 |               0000 |         111100 |         00 | 10110011011001000101010011011101 |    |
printing length of TLP from end-point 128
Packet passed the end-point!




TLP 7 from EP base class : 00000100000000000000000000000001010100010110010001110100000000110000000000000000000000000000000000000000000000000000000000000000

********************************* TLP number 7 **********************************
TLP 7 from EP checker : 00000100000000000000000000000001010100010110010001110100000000110000000000000000000000000000000000000000000000000000000000000000

|   Fmt |   Type |   T9 |   TC |   T8 |   Attr1 |   LN |   TH |   TD |   EP |   Attr0 |   AT |     Length |     Requester_Id |      Tag |   Last_DW_BE |   First_DW_BE |    Completion_Id |   Rsv_10_7 |   Ext_Register_Num |   Register_Num |   Rsv_11_1 |                             Data |    |
|-------+--------+------+------+------+---------+------+------+------+------+---------+------+------------+------------------+----------+--------------+---------------+------------------+------------+--------------------+----------------+------------+----------------------------------+----|
|   000 |  00100 |    0 |  000 |    0 |       0 |    0 |    0 |    0 |    0 |      00 |   00 | 0000000001 | 0101000101100100 | 01110100 |         0000 |          0011 | 0000000000000000 |       0000 |               0000 |         000000 |         00 | 00000000000000000000000000000000 |    |
printing length of TLP from end-point 128
Packet passed the end-point!




TLP 8 from EP base class : 00000100000000000000000000000001100110100110110000001101000000110000000000000000000000000000000000000000000000000000000000000000

********************************* TLP number 8 **********************************
TLP 8 from EP checker : 00000100000000000000000000000001100110100110110000001101000000110000000000000000000000000000000000000000000000000000000000000000

|   Fmt |   Type |   T9 |   TC |   T8 |   Attr1 |   LN |   TH |   TD |   EP |   Attr0 |   AT |     Length |     Requester_Id |      Tag |   Last_DW_BE |   First_DW_BE |    Completion_Id |   Rsv_10_7 |   Ext_Register_Num |   Register_Num |   Rsv_11_1 |                             Data |    |
|-------+--------+------+------+------+---------+------+------+------+------+---------+------+------------+------------------+----------+--------------+---------------+------------------+------------+--------------------+----------------+------------+----------------------------------+----|
|   000 |  00100 |    0 |  000 |    0 |       0 |    0 |    0 |    0 |    0 |      00 |   00 | 0000000001 | 1001101001101100 | 00001101 |         0000 |          0011 | 0000000000000000 |       0000 |               0000 |         000000 |         00 | 00000000000000000000000000000000 |    |
printing length of TLP from end-point 128
Packet passed the end-point!




TLP 9 from EP base class : 00000100000000000000000000000001001110100011011101100111000000110000000000000000000000000000000000000000000000000000000000000000

********************************* TLP number 9 **********************************
TLP 9 from EP checker : 00000100000000000000000000000001001110100011011101100111000000110000000000000000000000000000000000000000000000000000000000000000

|   Fmt |   Type |   T9 |   TC |   T8 |   Attr1 |   LN |   TH |   TD |   EP |   Attr0 |   AT |     Length |     Requester_Id |      Tag |   Last_DW_BE |   First_DW_BE |    Completion_Id |   Rsv_10_7 |   Ext_Register_Num |   Register_Num |   Rsv_11_1 |                             Data |    |
|-------+--------+------+------+------+---------+------+------+------+------+---------+------+------------+------------------+----------+--------------+---------------+------------------+------------+--------------------+----------------+------------+----------------------------------+----|
|   000 |  00100 |    0 |  000 |    0 |       0 |    0 |    0 |    0 |    0 |      00 |   00 | 0000000001 | 0011101000110111 | 01100111 |         0000 |          0011 | 0000000000000000 |       0000 |               0000 |         000000 |         00 | 00000000000000000000000000000000 |    |
printing length of TLP from end-point 128
Packet passed the end-point!




TLP 10 from EP base class : 01000000000000000000000000000001111100011001100000000000000001010000000000000000000000001101000000100110000101001110110011010101

********************************* TLP number 10 **********************************
TLP 10 from EP checker : 01000000000000000000000000000001111100011001100000000000000001010000000000000000000000001101000000100110000101001110110011010101

|   Fmt |   Type |   T9 |   TC |   T8 |   Attr1 |   LN |   TH |   TD |   EP |   Attr0 |   AT |     Length |     Requester_Id |      Tag |   Last_DW_BE |   First_DW_BE |                        Address |   Rsv_11_1 |                             Data |    |
|-------+--------+------+------+------+---------+------+------+------+------+---------+------+------------+------------------+----------+--------------+---------------+--------------------------------+------------+----------------------------------+----|
|   010 |  00000 |    0 |  000 |    0 |       0 |    0 |    0 |    0 |    0 |      00 |   00 | 0000000001 | 1111000110011000 | 00000000 |         0000 |          0101 | 000000000000000000000000110100 |         00 | 00100110000101001110110011010101 |    |
printing length of TLP from end-point 128
Packet passed the end-point!




TLP 11 from EP base class : 00000000000000000000000000000001111011000111000100000000000010110000000000000000000000001101000000000000000000000000000000000000

********************************* TLP number 11 **********************************
TLP 11 from EP checker : 00000000000000000000000000000001111011000111000100000000000010110000000000000000000000001101000000000000000000000000000000000000

|   Fmt |   Type |   T9 |   TC |   T8 |   Attr1 |   LN |   TH |   TD |   EP |   Attr0 |   AT |     Length |     Requester_Id |      Tag |   Last_DW_BE |   First_DW_BE |                        Address |   Rsv_11_1 |                             Data |    |
|-------+--------+------+------+------+---------+------+------+------+------+---------+------+------------+------------------+----------+--------------+---------------+--------------------------------+------------+----------------------------------+----|
|   000 |  00000 |    0 |  000 |    0 |       0 |    0 |    0 |    0 |    0 |      00 |   00 | 0000000001 | 1110110001110001 | 00000000 |         0000 |          1011 | 000000000000000000000000110100 |         00 | 00000000000000000000000000000000 |    |
printing length of TLP from end-point 128
Packet passed the end-point!




TLP 12 from EP base class : 01000000000000000000000000000001000011101001011000000000000010110000000000000000000000001100000000110110010110010100010001111111

********************************* TLP number 12 **********************************
TLP 12 from EP checker : 01000000000000000000000000000001000011101001011000000000000010110000000000000000000000001100000000110110010110010100010001111111

|   Fmt |   Type |   T9 |   TC |   T8 |   Attr1 |   LN |   TH |   TD |   EP |   Attr0 |   AT |     Length |     Requester_Id |      Tag |   Last_DW_BE |   First_DW_BE |                        Address |   Rsv_11_1 |                             Data |    |
|-------+--------+------+------+------+---------+------+------+------+------+---------+------+------------+------------------+----------+--------------+---------------+--------------------------------+------------+----------------------------------+----|
|   010 |  00000 |    0 |  000 |    0 |       0 |    0 |    0 |    0 |    0 |      00 |   00 | 0000000001 | 0000111010010110 | 00000000 |         0000 |          1011 | 000000000000000000000000110000 |         00 | 00110110010110010100010001111111 |    |
printing length of TLP from end-point 128
Packet passed the end-point!




TLP 13 from EP base class : 00000000000000000000000000000001010001011000000100000000000010010000000000000000000000001100000000000000000000000000000000000000

********************************* TLP number 13 **********************************
TLP 13 from EP checker : 00000000000000000000000000000001010001011000000100000000000010010000000000000000000000001100000000000000000000000000000000000000

|   Fmt |   Type |   T9 |   TC |   T8 |   Attr1 |   LN |   TH |   TD |   EP |   Attr0 |   AT |     Length |     Requester_Id |      Tag |   Last_DW_BE |   First_DW_BE |                        Address |   Rsv_11_1 |                             Data |    |
|-------+--------+------+------+------+---------+------+------+------+------+---------+------+------------+------------------+----------+--------------+---------------+--------------------------------+------------+----------------------------------+----|
|   000 |  00000 |    0 |  000 |    0 |       0 |    0 |    0 |    0 |    0 |      00 |   00 | 0000000001 | 0100010110000001 | 00000000 |         0000 |          1001 | 000000000000000000000000110000 |         00 | 00000000000000000000000000000000 |    |
printing length of TLP from end-point 128
Packet passed the end-point!




TLP 14 from EP base class : 01000000000000000000000000000001101101011010010100000000000010110000000000000000000000001000000011110111100000010101001000000001

********************************* TLP number 14 **********************************
TLP 14 from EP checker : 01000000000000000000000000000001101101011010010100000000000010110000000000000000000000001000000011110111100000010101001000000001

|   Fmt |   Type |   T9 |   TC |   T8 |   Attr1 |   LN |   TH |   TD |   EP |   Attr0 |   AT |     Length |     Requester_Id |      Tag |   Last_DW_BE |   First_DW_BE |                        Address |   Rsv_11_1 |                             Data |    |
|-------+--------+------+------+------+---------+------+------+------+------+---------+------+------------+------------------+----------+--------------+---------------+--------------------------------+------------+----------------------------------+----|
|   010 |  00000 |    0 |  000 |    0 |       0 |    0 |    0 |    0 |    0 |      00 |   00 | 0000000001 | 1011010110100101 | 00000000 |         0000 |          1011 | 000000000000000000000000100000 |         00 | 11110111100000010101001000000001 |    |
printing length of TLP from end-point 128
Packet passed the end-point!




TLP 15 from EP base class : 00000000000000000000000000000001101111011111100000000000000010110000000000000000000000001000000000000000000000000000000000000000

********************************* TLP number 15 **********************************
TLP 15 from EP checker : 00000000000000000000000000000001101111011111100000000000000010110000000000000000000000001000000000000000000000000000000000000000

|   Fmt |   Type |   T9 |   TC |   T8 |   Attr1 |   LN |   TH |   TD |   EP |   Attr0 |   AT |     Length |     Requester_Id |      Tag |   Last_DW_BE |   First_DW_BE |                        Address |   Rsv_11_1 |                             Data |    |
|-------+--------+------+------+------+---------+------+------+------+------+---------+------+------------+------------------+----------+--------------+---------------+--------------------------------+------------+----------------------------------+----|
|   000 |  00000 |    0 |  000 |    0 |       0 |    0 |    0 |    0 |    0 |      00 |   00 | 0000000001 | 1011110111111000 | 00000000 |         0000 |          1011 | 000000000000000000000000100000 |         00 | 00000000000000000000000000000000 |    |
printing length of TLP from end-point 128
Packet passed the end-point!




TLP 16 from EP base class : 01000000000000000000000000000001110010111000111100000000000010100000000000000000000000001011000010101100111010101100101110110100

********************************* TLP number 16 **********************************
TLP 16 from EP checker : 01000000000000000000000000000001110010111000111100000000000010100000000000000000000000001011000010101100111010101100101110110100

|   Fmt |   Type |   T9 |   TC |   T8 |   Attr1 |   LN |   TH |   TD |   EP |   Attr0 |   AT |     Length |     Requester_Id |      Tag |   Last_DW_BE |   First_DW_BE |                        Address |   Rsv_11_1 |                             Data |    |
|-------+--------+------+------+------+---------+------+------+------+------+---------+------+------------+------------------+----------+--------------+---------------+--------------------------------+------------+----------------------------------+----|
|   010 |  00000 |    0 |  000 |    0 |       0 |    0 |    0 |    0 |    0 |      00 |   00 | 0000000001 | 1100101110001111 | 00000000 |         0000 |          1010 | 000000000000000000000000101100 |         00 | 10101100111010101100101110110100 |    |
printing length of TLP from end-point 128
Packet passed the end-point!




TLP 17 from EP base class : 00000000001100000000000000000001010001110111111100000000000011010000000000000000000000001011000000000000000000000000000000000000

********************************* TLP number 17 **********************************
TLP 17 from EP checker : 00000000001100000000000000000001010001110111111100000000000011010000000000000000000000001011000000000000000000000000000000000000

|   Fmt |   Type |   T9 |   TC |   T8 |   Attr1 |   LN |   TH |   TD |   EP |   Attr0 |   AT |     Length |     Requester_Id |      Tag |   Last_DW_BE |   First_DW_BE |                        Address |   Rsv_11_1 |                             Data |    |
|-------+--------+------+------+------+---------+------+------+------+------+---------+------+------------+------------------+----------+--------------+---------------+--------------------------------+------------+----------------------------------+----|
|   000 |  00000 |    0 |  011 |    0 |       0 |    0 |    0 |    0 |    0 |      00 |   00 | 0000000001 | 0100011101111111 | 00000000 |         0000 |          1101 | 000000000000000000000000101100 |         00 | 00000000000000000000000000000000 |    |
printing length of TLP from end-point 128
INVALID TLP: for Memory request, TC must ZERO because no VC defined in Cfg compatibility space: Value 3

*** EP_CHECKER_ERR_ID_17 ***
Packet failed the end-point!




TLP 18 from EP base class : 01000000001000000000000000000001011101101000100100000000000010100000000000000000000000000101000001000111000101011111000001100011

********************************* TLP number 18 **********************************
TLP 18 from EP checker : 01000000001000000000000000000001011101101000100100000000000010100000000000000000000000000101000001000111000101011111000001100011

|   Fmt |   Type |   T9 |   TC |   T8 |   Attr1 |   LN |   TH |   TD |   EP |   Attr0 |   AT |     Length |     Requester_Id |      Tag |   Last_DW_BE |   First_DW_BE |                        Address |   Rsv_11_1 |                             Data |    |
|-------+--------+------+------+------+---------+------+------+------+------+---------+------+------------+------------------+----------+--------------+---------------+--------------------------------+------------+----------------------------------+----|
|   010 |  00000 |    0 |  010 |    0 |       0 |    0 |    0 |    0 |    0 |      00 |   00 | 0000000001 | 0111011010001001 | 00000000 |         0000 |          1010 | 000000000000000000000000010100 |         00 | 01000111000101011111000001100011 |    |
printing length of TLP from end-point 128
INVALID TLP: for Memory request, TC must ZERO because no VC defined in Cfg compatibility space: Value 2

*** EP_CHECKER_ERR_ID_18 ***
Packet failed the end-point!




TLP 19 from EP base class : 00000000000000000000000000000001001000011001100100000000000010110000000000000000000000000101000000000000000000000000000000000000

********************************* TLP number 19 **********************************
TLP 19 from EP checker : 00000000000000000000000000000001001000011001100100000000000010110000000000000000000000000101000000000000000000000000000000000000

|   Fmt |   Type |   T9 |   TC |   T8 |   Attr1 |   LN |   TH |   TD |   EP |   Attr0 |   AT |     Length |     Requester_Id |      Tag |   Last_DW_BE |   First_DW_BE |                        Address |   Rsv_11_1 |                             Data |    |
|-------+--------+------+------+------+---------+------+------+------+------+---------+------+------------+------------------+----------+--------------+---------------+--------------------------------+------------+----------------------------------+----|
|   000 |  00000 |    0 |  000 |    0 |       0 |    0 |    0 |    0 |    0 |      00 |   00 | 0000000001 | 0010000110011001 | 00000000 |         0000 |          1011 | 000000000000000000000000010100 |         00 | 00000000000000000000000000000000 |    |
printing length of TLP from end-point 128
Packet passed the end-point!




TLP 20 from EP base class : 01000000010100000000000000000001010010111110010000000000000011010000000000000000000000000001000010111001000000011111111010010001

********************************* TLP number 20 **********************************
TLP 20 from EP checker : 01000000010100000000000000000001010010111110010000000000000011010000000000000000000000000001000010111001000000011111111010010001

|   Fmt |   Type |   T9 |   TC |   T8 |   Attr1 |   LN |   TH |   TD |   EP |   Attr0 |   AT |     Length |     Requester_Id |      Tag |   Last_DW_BE |   First_DW_BE |                        Address |   Rsv_11_1 |                             Data |    |
|-------+--------+------+------+------+---------+------+------+------+------+---------+------+------------+------------------+----------+--------------+---------------+--------------------------------+------------+----------------------------------+----|
|   010 |  00000 |    0 |  101 |    0 |       0 |    0 |    0 |    0 |    0 |      00 |   00 | 0000000001 | 0100101111100100 | 00000000 |         0000 |          1101 | 000000000000000000000000000100 |         00 | 10111001000000011111111010010001 |    |
printing length of TLP from end-point 128
INVALID TLP: for Memory request, TC must ZERO because no VC defined in Cfg compatibility space: Value 5

*** EP_CHECKER_ERR_ID_20 ***
Packet failed the end-point!




TLP 21 from EP base class : 00000000000000000000000000000001001010010100010000000000000001010000000000000000000000000001000000000000000000000000000000000000

********************************* TLP number 21 **********************************
TLP 21 from EP checker : 00000000000000000000000000000001001010010100010000000000000001010000000000000000000000000001000000000000000000000000000000000000

|   Fmt |   Type |   T9 |   TC |   T8 |   Attr1 |   LN |   TH |   TD |   EP |   Attr0 |   AT |     Length |     Requester_Id |      Tag |   Last_DW_BE |   First_DW_BE |                        Address |   Rsv_11_1 |                             Data |    |
|-------+--------+------+------+------+---------+------+------+------+------+---------+------+------------+------------------+----------+--------------+---------------+--------------------------------+------------+----------------------------------+----|
|   000 |  00000 |    0 |  000 |    0 |       0 |    0 |    0 |    0 |    0 |      00 |   00 | 0000000001 | 0010100101000100 | 00000000 |         0000 |          0101 | 000000000000000000000000000100 |         00 | 00000000000000000000000000000000 |    |
printing length of TLP from end-point 128
Packet passed the end-point!




TLP 22 from EP base class : 01000000001000000000000000000001101111100000000100000000000001010000000000000000000000000101000011110101100000110101010101000010

********************************* TLP number 22 **********************************
TLP 22 from EP checker : 01000000001000000000000000000001101111100000000100000000000001010000000000000000000000000101000011110101100000110101010101000010

|   Fmt |   Type |   T9 |   TC |   T8 |   Attr1 |   LN |   TH |   TD |   EP |   Attr0 |   AT |     Length |     Requester_Id |      Tag |   Last_DW_BE |   First_DW_BE |                        Address |   Rsv_11_1 |                             Data |    |
|-------+--------+------+------+------+---------+------+------+------+------+---------+------+------------+------------------+----------+--------------+---------------+--------------------------------+------------+----------------------------------+----|
|   010 |  00000 |    0 |  010 |    0 |       0 |    0 |    0 |    0 |    0 |      00 |   00 | 0000000001 | 1011111000000001 | 00000000 |         0000 |          0101 | 000000000000000000000000010100 |         00 | 11110101100000110101010101000010 |    |
printing length of TLP from end-point 128
INVALID TLP: for Memory request, TC must ZERO because no VC defined in Cfg compatibility space: Value 2

*** EP_CHECKER_ERR_ID_22 ***
Packet failed the end-point!




TLP 23 from EP base class : 00000000000000000000000000000001111111110100110100000000000001010000000000000000000000000101000000000000000000000000000000000000

********************************* TLP number 23 **********************************
TLP 23 from EP checker : 00000000000000000000000000000001111111110100110100000000000001010000000000000000000000000101000000000000000000000000000000000000

|   Fmt |   Type |   T9 |   TC |   T8 |   Attr1 |   LN |   TH |   TD |   EP |   Attr0 |   AT |     Length |     Requester_Id |      Tag |   Last_DW_BE |   First_DW_BE |                        Address |   Rsv_11_1 |                             Data |    |
|-------+--------+------+------+------+---------+------+------+------+------+---------+------+------------+------------------+----------+--------------+---------------+--------------------------------+------------+----------------------------------+----|
|   000 |  00000 |    0 |  000 |    0 |       0 |    0 |    0 |    0 |    0 |      00 |   00 | 0000000001 | 1111111101001101 | 00000000 |         0000 |          0101 | 000000000000000000000000010100 |         00 | 00000000000000000000000000000000 |    |
printing length of TLP from end-point 128
Packet passed the end-point!




TLP 24 from EP base class : 01000000000000000000000000000001110000100110110100000000000010010000000000000000000000000011000001001101000010111101110001010011

********************************* TLP number 24 **********************************
TLP 24 from EP checker : 01000000000000000000000000000001110000100110110100000000000010010000000000000000000000000011000001001101000010111101110001010011

|   Fmt |   Type |   T9 |   TC |   T8 |   Attr1 |   LN |   TH |   TD |   EP |   Attr0 |   AT |     Length |     Requester_Id |      Tag |   Last_DW_BE |   First_DW_BE |                        Address |   Rsv_11_1 |                             Data |    |
|-------+--------+------+------+------+---------+------+------+------+------+---------+------+------------+------------------+----------+--------------+---------------+--------------------------------+------------+----------------------------------+----|
|   010 |  00000 |    0 |  000 |    0 |       0 |    0 |    0 |    0 |    0 |      00 |   00 | 0000000001 | 1100001001101101 | 00000000 |         0000 |          1001 | 000000000000000000000000001100 |         00 | 01001101000010111101110001010011 |    |
printing length of TLP from end-point 128
Packet passed the end-point!




TLP 25 from EP base class : 00000000001000000000000000000001101000000111000000000000000011010000000000000000000000000011000000000000000000000000000000000000

********************************* TLP number 25 **********************************
TLP 25 from EP checker : 00000000001000000000000000000001101000000111000000000000000011010000000000000000000000000011000000000000000000000000000000000000

|   Fmt |   Type |   T9 |   TC |   T8 |   Attr1 |   LN |   TH |   TD |   EP |   Attr0 |   AT |     Length |     Requester_Id |      Tag |   Last_DW_BE |   First_DW_BE |                        Address |   Rsv_11_1 |                             Data |    |
|-------+--------+------+------+------+---------+------+------+------+------+---------+------+------------+------------------+----------+--------------+---------------+--------------------------------+------------+----------------------------------+----|
|   000 |  00000 |    0 |  010 |    0 |       0 |    0 |    0 |    0 |    0 |      00 |   00 | 0000000001 | 1010000001110000 | 00000000 |         0000 |          1101 | 000000000000000000000000001100 |         00 | 00000000000000000000000000000000 |    |
printing length of TLP from end-point 128
INVALID TLP: for Memory request, TC must ZERO because no VC defined in Cfg compatibility space: Value 2

*** EP_CHECKER_ERR_ID_25 ***
Packet failed the end-point!




TLP 26 from EP base class : 01000000001000000000000000000001010101011111110100000000000010100000000000000000000000000001000001101111110100101101101110111011

********************************* TLP number 26 **********************************
TLP 26 from EP checker : 01000000001000000000000000000001010101011111110100000000000010100000000000000000000000000001000001101111110100101101101110111011

|   Fmt |   Type |   T9 |   TC |   T8 |   Attr1 |   LN |   TH |   TD |   EP |   Attr0 |   AT |     Length |     Requester_Id |      Tag |   Last_DW_BE |   First_DW_BE |                        Address |   Rsv_11_1 |                             Data |    |
|-------+--------+------+------+------+---------+------+------+------+------+---------+------+------------+------------------+----------+--------------+---------------+--------------------------------+------------+----------------------------------+----|
|   010 |  00000 |    0 |  010 |    0 |       0 |    0 |    0 |    0 |    0 |      00 |   00 | 0000000001 | 0101010111111101 | 00000000 |         0000 |          1010 | 000000000000000000000000000100 |         00 | 01101111110100101101101110111011 |    |
printing length of TLP from end-point 128
INVALID TLP: for Memory request, TC must ZERO because no VC defined in Cfg compatibility space: Value 2

*** EP_CHECKER_ERR_ID_26 ***
Packet failed the end-point!




TLP 27 from EP base class : 00000000000000000000000000000001100101110010100100000000000010010000000000000000000000000001000000000000000000000000000000000000

********************************* TLP number 27 **********************************
TLP 27 from EP checker : 00000000000000000000000000000001100101110010100100000000000010010000000000000000000000000001000000000000000000000000000000000000

|   Fmt |   Type |   T9 |   TC |   T8 |   Attr1 |   LN |   TH |   TD |   EP |   Attr0 |   AT |     Length |     Requester_Id |      Tag |   Last_DW_BE |   First_DW_BE |                        Address |   Rsv_11_1 |                             Data |    |
|-------+--------+------+------+------+---------+------+------+------+------+---------+------+------------+------------------+----------+--------------+---------------+--------------------------------+------------+----------------------------------+----|
|   000 |  00000 |    0 |  000 |    0 |       0 |    0 |    0 |    0 |    0 |      00 |   00 | 0000000001 | 1001011100101001 | 00000000 |         0000 |          1001 | 000000000000000000000000000100 |         00 | 00000000000000000000000000000000 |    |
printing length of TLP from end-point 128
Packet passed the end-point!




TLP 28 from EP base class : 01000000001100000000000000000001111001110011100100000000000010010000000000000000000000000100000010101011110101101001010000101010

********************************* TLP number 28 **********************************
TLP 28 from EP checker : 01000000001100000000000000000001111001110011100100000000000010010000000000000000000000000100000010101011110101101001010000101010

|   Fmt |   Type |   T9 |   TC |   T8 |   Attr1 |   LN |   TH |   TD |   EP |   Attr0 |   AT |     Length |     Requester_Id |      Tag |   Last_DW_BE |   First_DW_BE |                        Address |   Rsv_11_1 |                             Data |    |
|-------+--------+------+------+------+---------+------+------+------+------+---------+------+------------+------------------+----------+--------------+---------------+--------------------------------+------------+----------------------------------+----|
|   010 |  00000 |    0 |  011 |    0 |       0 |    0 |    0 |    0 |    0 |      00 |   00 | 0000000001 | 1110011100111001 | 00000000 |         0000 |          1001 | 000000000000000000000000010000 |         00 | 10101011110101101001010000101010 |    |
printing length of TLP from end-point 128
INVALID TLP: for Memory request, TC must ZERO because no VC defined in Cfg compatibility space: Value 3

*** EP_CHECKER_ERR_ID_28 ***
Packet failed the end-point!




TLP 29 from EP base class : 00000000000000000000000000000001011000011110011000000000000011010000000000000000000000000100000000000000000000000000000000000000

********************************* TLP number 29 **********************************
TLP 29 from EP checker : 00000000000000000000000000000001011000011110011000000000000011010000000000000000000000000100000000000000000000000000000000000000

|   Fmt |   Type |   T9 |   TC |   T8 |   Attr1 |   LN |   TH |   TD |   EP |   Attr0 |   AT |     Length |     Requester_Id |      Tag |   Last_DW_BE |   First_DW_BE |                        Address |   Rsv_11_1 |                             Data |    |
|-------+--------+------+------+------+---------+------+------+------+------+---------+------+------------+------------------+----------+--------------+---------------+--------------------------------+------------+----------------------------------+----|
|   000 |  00000 |    0 |  000 |    0 |       0 |    0 |    0 |    0 |    0 |      00 |   00 | 0000000001 | 0110000111100110 | 00000000 |         0000 |          1101 | 000000000000000000000000010000 |         00 | 00000000000000000000000000000000 |    |
printing length of TLP from end-point 128
Packet passed the end-point!




number of invalid packets are 10
number of valid packets are 20
invalid packet numbers are [3, 4, 5, 17, 18, 20, 22, 25, 26, 28]
valid packet numbers are [0, 1, 2, 6, 7, 8, 9, 10, 11, 12, 13, 14, 15, 16, 19, 21, 23, 24, 27, 29]
